10.1016/0167-6636(94)90017-5
10.1016/B978-0-08-096527-7.00004-0
10.1016/B978-0-08-096532-1.00202-8
10.1016/B978-0-08-096532-1.01211-5
10.1016/B978-0-08-096532-1.01214-0
10.1016/B978-0-08-096668-7.00031-0
10.1016/B978-0-08-096668-7.00034-6
10.1016/B978-0-08-096668-7.00036-X
10.1016/B978-0-12-369468-3.50011-3
10.1016/B978-0-12-396989-7.05001-2
10.1016/B978-0-12-803581-8.04097-2
10.1016/B978-0-444-53770-6.00010-1
10.1016/B978-0-444-53770-6.00027-7
10.1016/j.aca.2007.12.024
10.1016/j.actamat.2004.05.024
10.1016/j.actamat.2005.10.014
10.1016/j.actamat.2005.11.027
10.1016/j.actamat.2005.12.037
10.1016/j.actamat.2007.10.044
10.1016/j.actamat.2008.07.005
10.1016/j.actamat.2009.03.033
10.1016/j.actamat.2009.07.052
10.1016/j.actamat.2010.04.041
10.1016/j.actamat.2010.04.046
10.1016/j.actamat.2010.07.037
10.1016/j.actamat.2010.11.015
10.1016/j.actamat.2011.04.026
10.1016/j.actamat.2011.06.013
10.1016/j.actamat.2011.06.051
10.1016/j.actamat.2011.09.001
10.1016/j.actamat.2011.10.009
10.1016/j.actamat.2011.12.042
10.1016/j.actamat.2012.01.003
10.1016/j.actamat.2012.03.040
10.1016/j.actamat.2012.04.022
10.1016/j.actamat.2012.05.040
10.1016/j.actamat.2012.06.028
10.1016/j.actamat.2012.06.029
10.1016/j.actamat.2012.09.005
10.1016/j.actamat.2013.01.039
10.1016/j.actamat.2013.02.026
10.1016/j.actamat.2013.04.044
10.1016/j.actamat.2013.06.020
10.1016/j.actamat.2013.10.034
10.1016/j.actamat.2013.11.070
10.1016/j.actamat.2013.11.075
10.1016/j.actamat.2013.12.032
10.1016/j.actamat.2014.01.018
10.1016/j.actamat.2014.02.001
10.1016/j.actamat.2014.03.058
10.1016/j.actamat.2014.04.028
10.1016/j.actamat.2014.04.031
10.1016/j.actamat.2014.05.034
10.1016/j.actamat.2014.05.039
10.1016/j.actamat.2014.06.001
10.1016/j.actamat.2014.07.004
10.1016/j.actamat.2014.07.005
10.1016/j.actamat.2014.07.042
10.1016/j.actamat.2014.07.073
10.1016/j.actamat.2014.10.034
10.1016/j.actamat.2014.11.025
10.1016/j.actamat.2014.12.033
10.1016/j.actamat.2015.01.028
10.1016/j.actamat.2015.02.014
10.1016/j.actamat.2015.02.045
10.1016/j.actamat.2015.04.045
10.1016/j.actamat.2015.04.057
10.1016/j.actamat.2015.05.005
10.1016/j.actamat.2015.05.010
10.1016/j.actamat.2015.05.017
10.1016/j.actamat.2015.05.050
10.1016/j.actamat.2015.06.017
10.1016/j.actamat.2015.06.019
10.1016/j.actamat.2015.06.036
10.1016/j.actamat.2015.06.043
10.1016/j.actamat.2015.06.050
10.1016/j.actamat.2015.07.007
10.1016/j.actamat.2015.07.013
10.1016/j.actamat.2015.07.021
10.1016/j.actamat.2015.08.066
10.1016/j.actamat.2015.08.068
10.1016/j.actamat.2015.08.075
10.1016/j.actamat.2015.08.082
10.1016/j.actamat.2015.09.005
10.1016/j.actamat.2015.09.011
10.1016/j.actamat.2015.09.044
10.1016/j.actamat.2015.09.047
10.1016/j.actamat.2015.09.051
10.1016/j.actamat.2015.09.060
10.1016/j.actamat.2015.11.043
10.1016/j.actamat.2015.12.002
10.1016/j.actamat.2015.12.028
10.1016/j.actamat.2016.01.012
10.1016/j.actamat.2016.01.038
10.1016/j.actamat.2016.01.046
10.1016/j.actamat.2016.01.056
10.1016/j.actamat.2016.01.058
10.1016/j.actamat.2016.02.001
10.1016/j.actamat.2016.02.007
10.1016/j.actamat.2016.02.041
10.1016/j.actamat.2016.03.002
10.1016/j.actamat.2016.03.010
10.1016/j.actamat.2016.03.013
10.1016/j.actamat.2016.03.059
10.1016/j.actamat.2016.03.067
10.1016/j.actamat.2016.03.070
10.1016/j.actamat.2016.03.078
10.1016/j.actamat.2016.04.021
10.1016/j.actamat.2016.04.029
10.1016/j.actamat.2016.04.031
10.1016/j.actamat.2016.04.048
10.1016/j.actamat.2016.04.051
10.1016/j.actamat.2016.05.043
10.1016/j.actamat.2016.05.046
10.1016/j.actamat.2016.06.016
10.1016/j.actamat.2016.06.025
10.1016/j.actamat.2016.06.028
10.1016/j.actamat.2016.06.033
10.1016/j.actamat.2016.07.012
10.1016/j.actamat.2016.07.014
10.1016/j.actamat.2016.07.015
10.1016/j.actamat.2016.07.019
10.1016/j.actamat.2016.07.025
10.1016/j.actamat.2016.07.039
10.1016/j.actamat.2016.08.001
10.1016/j.actamat.2016.08.006
10.1016/j.actamat.2016.08.028
10.1016/j.actamat.2016.08.036
10.1016/j.actamat.2016.08.062
10.1016/j.actamat.2016.08.065
10.1016/j.actamat.2016.08.081
10.1016/j.actamat.2016.09.003
10.1016/j.actamat.2016.09.006
10.1016/j.actamat.2016.09.020
10.1016/j.actamat.2016.09.027
10.1016/j.actamat.2016.09.030
10.1016/j.actamat.2016.09.036
10.1016/j.actamat.2016.09.054
10.1016/j.actamat.2016.10.006
10.1016/j.actamat.2016.10.021
10.1016/j.actamat.2016.10.022
10.1016/j.actamat.2016.10.026
10.1016/j.actamat.2016.10.030
10.1016/j.actamat.2016.10.033
10.1016/j.actamat.2016.10.038
10.1016/j.actamat.2016.10.040
10.1016/j.actamat.2016.10.041
10.1016/j.actamat.2016.10.048
10.1016/j.actamat.2016.10.059
10.1016/j.actamat.2016.10.071
10.1016/j.actamat.2016.11.016
10.1016/j.actamat.2016.11.018
10.1016/j.actamat.2016.11.020
10.1016/j.actamat.2016.11.021
10.1016/j.actamat.2016.11.037
10.1016/j.actamat.2016.11.042
10.1016/j.actamat.2016.11.047
10.1016/j.actbio.2016.08.004
10.1016/j.actbio.2016.08.028
10.1016/j.actbio.2016.09.042
10.1016/j.addma.2016.11.001
10.1016/j.aej.2016.03.016
10.1016/j.aej.2016.06.033
10.1016/j.apcata.2016.06.040
10.1016/j.apcatb.2016.11.022
10.1016/j.apsusc.2010.07.015
10.1016/j.apsusc.2010.11.101
10.1016/j.apsusc.2011.07.107
10.1016/j.apsusc.2011.09.125
10.1016/j.apsusc.2012.01.103
10.1016/j.apsusc.2012.09.163
10.1016/j.apsusc.2012.10.083
10.1016/j.apsusc.2012.10.139
10.1016/j.apsusc.2012.11.005
10.1016/j.apsusc.2012.12.007
10.1016/j.apsusc.2013.03.009
10.1016/j.apsusc.2013.04.172
10.1016/j.apsusc.2013.10.191
10.1016/j.apsusc.2014.01.011
10.1016/j.apsusc.2014.01.065
10.1016/j.apsusc.2014.05.025
10.1016/j.apsusc.2014.05.172
10.1016/j.apsusc.2014.05.211
10.1016/j.apsusc.2014.06.105
10.1016/j.apsusc.2014.07.026
10.1016/j.apsusc.2015.01.035
10.1016/j.apsusc.2015.02.105
10.1016/j.apsusc.2015.02.135
10.1016/j.apsusc.2015.03.044
10.1016/j.apsusc.2015.03.067
10.1016/j.apsusc.2015.03.205
10.1016/j.apsusc.2015.04.043
10.1016/j.apsusc.2015.05.064
10.1016/j.apsusc.2015.05.098
10.1016/j.apsusc.2015.06.006
10.1016/j.apsusc.2015.06.071
10.1016/j.apsusc.2015.06.205
10.1016/j.apsusc.2015.08.091
10.1016/j.apsusc.2015.08.132
10.1016/j.apsusc.2015.08.204
10.1016/j.apsusc.2015.09.068
10.1016/j.apsusc.2015.09.240
10.1016/j.apsusc.2015.09.250
10.1016/j.apsusc.2015.10.145
10.1016/j.apsusc.2015.11.123
10.1016/j.apsusc.2015.11.192
10.1016/j.apsusc.2015.11.240
10.1016/j.apsusc.2015.12.019
10.1016/j.apsusc.2015.12.024
10.1016/j.apsusc.2015.12.167
10.1016/j.apsusc.2016.01.167
10.1016/j.apsusc.2016.02.108
10.1016/j.apsusc.2016.02.162
10.1016/j.apsusc.2016.02.171
10.1016/j.apsusc.2016.03.023
10.1016/j.apsusc.2016.03.202
10.1016/j.apsusc.2016.03.221
10.1016/j.apsusc.2016.04.027
10.1016/j.apsusc.2016.04.047
10.1016/j.apsusc.2016.04.115
10.1016/j.apsusc.2016.04.188
10.1016/j.apsusc.2016.06.083
10.1016/j.apsusc.2016.07.075
10.1016/j.apsusc.2016.07.120
10.1016/j.apsusc.2016.07.129
10.1016/j.apsusc.2016.08.009
10.1016/j.apsusc.2016.08.037
10.1016/j.apsusc.2016.08.060
10.1016/j.apsusc.2016.08.128
10.1016/j.apsusc.2016.08.169
10.1016/j.apsusc.2016.09.028
10.1016/j.apsusc.2016.09.071
10.1016/j.apsusc.2016.10.047
10.1016/j.apsusc.2016.10.050
10.1016/j.apsusc.2016.11.122
10.1016/j.apsusc.2016.11.140
10.1016/j.apsusc.2016.12.022
10.1016/j.biomaterials.2014.07.005
10.1016/j.bone.2016.05.004
10.1016/j.bonr.2016.10.005
10.1016/j.calphad.2015.01.034
10.1016/j.carbon.2012.05.062
10.1016/j.carbon.2015.02.040
10.1016/j.carbon.2015.05.009
10.1016/j.carbon.2015.08.092
10.1016/j.carbon.2015.08.102
10.1016/j.carbon.2015.12.100
10.1016/j.carbon.2016.05.033
10.1016/j.carbon.2016.08.031
10.1016/j.carbon.2016.08.049
10.1016/j.carbon.2016.08.074
10.1016/j.carbon.2016.08.084
10.1016/j.carbon.2016.10.004
10.1016/j.carbon.2016.10.018
10.1016/j.carbon.2016.10.059
10.1016/j.carbon.2016.11.026
10.1016/j.carbon.2016.11.084
10.1016/j.cemconres.2005.07.003
10.1016/j.cemconres.2015.01.018
10.1016/j.cemconres.2015.01.020
10.1016/j.cemconres.2015.08.001
10.1016/j.cemconres.2015.11.010
10.1016/j.cemconres.2015.12.011
10.1016/j.cemconres.2016.01.003
10.1016/j.cemconres.2016.02.009
10.1016/j.cemconres.2016.03.008
10.1016/j.cemconres.2016.05.006
10.1016/j.cemconres.2016.05.013
10.1016/j.cemconres.2016.07.006
10.1016/j.cemconres.2016.07.018
10.1016/j.cemconres.2016.08.019
10.1016/j.cemconres.2016.10.004
10.1016/j.cemconres.2016.11.017
10.1016/j.ceramint.2009.06.009
10.1016/j.ceramint.2010.05.011
10.1016/j.ceramint.2011.04.024
10.1016/j.ceramint.2011.05.001
10.1016/j.ceramint.2011.08.029
10.1016/j.ceramint.2011.09.055
10.1016/j.ceramint.2012.07.012
10.1016/j.ceramint.2013.02.089
10.1016/j.ceramint.2013.04.039
10.1016/j.ceramint.2013.04.096
10.1016/j.ceramint.2013.05.066
10.1016/j.ceramint.2013.05.140
10.1016/j.ceramint.2013.07.015
10.1016/j.ceramint.2013.07.111
10.1016/j.ceramint.2013.08.053
10.1016/j.ceramint.2013.09.058
10.1016/j.ceramint.2013.09.082
10.1016/j.ceramint.2013.11.024
10.1016/j.ceramint.2013.12.035
10.1016/j.ceramint.2013.12.054
10.1016/j.ceramint.2013.12.070
10.1016/j.ceramint.2013.12.136
10.1016/j.ceramint.2014.01.100
10.1016/j.ceramint.2014.01.132
10.1016/j.ceramint.2014.01.134
10.1016/j.ceramint.2014.02.046
10.1016/j.ceramint.2014.03.074
10.1016/j.ceramint.2014.03.100
10.1016/j.ceramint.2014.04.114
10.1016/j.ceramint.2014.04.143
10.1016/j.ceramint.2014.05.054
10.1016/j.ceramint.2014.05.065
10.1016/j.ceramint.2014.08.003
10.1016/j.ceramint.2014.08.044
10.1016/j.ceramint.2014.10.011
10.1016/j.ceramint.2014.10.097
10.1016/j.ceramint.2014.11.116
10.1016/j.ceramint.2014.12.068
10.1016/j.ceramint.2015.01.054
10.1016/j.ceramint.2015.02.025
10.1016/j.ceramint.2015.03.032
10.1016/j.ceramint.2015.03.040
10.1016/j.ceramint.2015.03.061
10.1016/j.ceramint.2015.03.137
10.1016/j.ceramint.2015.03.282
10.1016/j.ceramint.2015.04.026
10.1016/j.ceramint.2015.04.038
10.1016/j.ceramint.2015.05.059
10.1016/j.ceramint.2015.05.097
10.1016/j.ceramint.2015.05.145
10.1016/j.ceramint.2015.06.001
10.1016/j.ceramint.2015.06.023
10.1016/j.ceramint.2015.06.041
10.1016/j.ceramint.2015.07.172
10.1016/j.ceramint.2015.07.207
10.1016/j.ceramint.2015.08.053
10.1016/j.ceramint.2015.08.114
10.1016/j.ceramint.2015.08.160
10.1016/j.ceramint.2015.08.166
10.1016/j.ceramint.2015.08.173
10.1016/j.ceramint.2015.09.106
10.1016/j.ceramint.2015.09.107
10.1016/j.ceramint.2015.09.115
10.1016/j.ceramint.2015.09.117
10.1016/j.ceramint.2015.10.013
10.1016/j.ceramint.2015.10.038
10.1016/j.ceramint.2015.10.069
10.1016/j.ceramint.2015.10.112
10.1016/j.ceramint.2015.10.154
10.1016/j.ceramint.2015.10.165
10.1016/j.ceramint.2015.10.168
10.1016/j.ceramint.2015.11.009
10.1016/j.ceramint.2015.11.012
10.1016/j.ceramint.2015.11.048
10.1016/j.ceramint.2015.11.070
10.1016/j.ceramint.2015.11.073
10.1016/j.ceramint.2015.11.082
10.1016/j.ceramint.2015.11.099
10.1016/j.ceramint.2015.11.127
10.1016/j.ceramint.2015.12.021
10.1016/j.ceramint.2015.12.066
10.1016/j.ceramint.2015.12.072
10.1016/j.ceramint.2015.12.095
10.1016/j.ceramint.2015.12.097
10.1016/j.ceramint.2015.12.111
10.1016/j.ceramint.2015.12.122
10.1016/j.ceramint.2015.12.137
10.1016/j.ceramint.2016.01.021
10.1016/j.ceramint.2016.01.026
10.1016/j.ceramint.2016.01.041
10.1016/j.ceramint.2016.01.064
10.1016/j.ceramint.2016.01.067
10.1016/j.ceramint.2016.01.069
10.1016/j.ceramint.2016.01.078
10.1016/j.ceramint.2016.01.096
10.1016/j.ceramint.2016.01.112
10.1016/j.ceramint.2016.01.126
10.1016/j.ceramint.2016.01.128
10.1016/j.ceramint.2016.01.197
10.1016/j.ceramint.2016.02.007
10.1016/j.ceramint.2016.02.042
10.1016/j.ceramint.2016.02.110
10.1016/j.ceramint.2016.02.126
10.1016/j.ceramint.2016.02.143
10.1016/j.ceramint.2016.02.148
10.1016/j.ceramint.2016.02.170
10.1016/j.ceramint.2016.03.020
10.1016/j.ceramint.2016.03.028
10.1016/j.ceramint.2016.03.067
10.1016/j.ceramint.2016.03.092
10.1016/j.ceramint.2016.03.109
10.1016/j.ceramint.2016.03.136
10.1016/j.ceramint.2016.03.148
10.1016/j.ceramint.2016.04.025
10.1016/j.ceramint.2016.04.055
10.1016/j.ceramint.2016.04.078
10.1016/j.ceramint.2016.04.087
10.1016/j.ceramint.2016.04.094
10.1016/j.ceramint.2016.04.096
10.1016/j.ceramint.2016.04.098
10.1016/j.ceramint.2016.04.124
10.1016/j.ceramint.2016.04.127
10.1016/j.ceramint.2016.04.147
10.1016/j.ceramint.2016.04.150
10.1016/j.ceramint.2016.05.005
10.1016/j.ceramint.2016.05.020
10.1016/j.ceramint.2016.05.027
10.1016/j.ceramint.2016.05.045
10.1016/j.ceramint.2016.05.059
10.1016/j.ceramint.2016.05.065
10.1016/j.ceramint.2016.05.078
10.1016/j.ceramint.2016.05.084
10.1016/j.ceramint.2016.05.109
10.1016/j.ceramint.2016.05.118
10.1016/j.ceramint.2016.05.135
10.1016/j.ceramint.2016.05.145
10.1016/j.ceramint.2016.05.152
10.1016/j.ceramint.2016.05.154
10.1016/j.ceramint.2016.05.165
10.1016/j.ceramint.2016.05.173
10.1016/j.ceramint.2016.05.194
10.1016/j.ceramint.2016.06.024
10.1016/j.ceramint.2016.06.027
10.1016/j.ceramint.2016.06.028
10.1016/j.ceramint.2016.06.044
10.1016/j.ceramint.2016.06.063
10.1016/j.ceramint.2016.06.072
10.1016/j.ceramint.2016.06.078
10.1016/j.ceramint.2016.06.084
10.1016/j.ceramint.2016.06.111
10.1016/j.ceramint.2016.06.112
10.1016/j.ceramint.2016.06.118
10.1016/j.ceramint.2016.06.134
10.1016/j.ceramint.2016.06.143
10.1016/j.ceramint.2016.06.149
10.1016/j.ceramint.2016.06.167
10.1016/j.ceramint.2016.06.186
10.1016/j.ceramint.2016.06.201
10.1016/j.ceramint.2016.07.011
10.1016/j.ceramint.2016.07.021
10.1016/j.ceramint.2016.07.042
10.1016/j.ceramint.2016.07.048
10.1016/j.ceramint.2016.07.059
10.1016/j.ceramint.2016.07.074
10.1016/j.ceramint.2016.07.086
10.1016/j.ceramint.2016.07.089
10.1016/j.ceramint.2016.07.091
10.1016/j.ceramint.2016.07.095
10.1016/j.ceramint.2016.07.116
10.1016/j.ceramint.2016.07.131
10.1016/j.ceramint.2016.07.134
10.1016/j.ceramint.2016.07.139
10.1016/j.ceramint.2016.07.156
10.1016/j.ceramint.2016.07.174
10.1016/j.ceramint.2016.07.177
10.1016/j.ceramint.2016.07.182
10.1016/j.ceramint.2016.07.189
10.1016/j.ceramint.2016.07.190
10.1016/j.ceramint.2016.07.204
10.1016/j.ceramint.2016.07.217
10.1016/j.ceramint.2016.07.218
10.1016/j.ceramint.2016.08.008
10.1016/j.ceramint.2016.08.019
10.1016/j.ceramint.2016.08.026
10.1016/j.ceramint.2016.08.030
10.1016/j.ceramint.2016.08.035
10.1016/j.ceramint.2016.08.039
10.1016/j.ceramint.2016.08.043
10.1016/j.ceramint.2016.08.048
10.1016/j.ceramint.2016.08.051
10.1016/j.ceramint.2016.08.060
10.1016/j.ceramint.2016.08.069
10.1016/j.ceramint.2016.08.076
10.1016/j.ceramint.2016.08.081
10.1016/j.ceramint.2016.08.083
10.1016/j.ceramint.2016.08.119
10.1016/j.ceramint.2016.08.123
10.1016/j.ceramint.2016.08.132
10.1016/j.ceramint.2016.08.164
10.1016/j.ceramint.2016.08.188
10.1016/j.ceramint.2016.08.197
10.1016/j.ceramint.2016.08.201
10.1016/j.ceramint.2016.08.205
10.1016/j.ceramint.2016.09.001
10.1016/j.ceramint.2016.09.008
10.1016/j.ceramint.2016.09.020
10.1016/j.ceramint.2016.09.024
10.1016/j.ceramint.2016.09.049
10.1016/j.ceramint.2016.09.060
10.1016/j.ceramint.2016.09.065
10.1016/j.ceramint.2016.09.078
10.1016/j.ceramint.2016.09.089
10.1016/j.ceramint.2016.09.091
10.1016/j.ceramint.2016.09.096
10.1016/j.ceramint.2016.09.097
10.1016/j.ceramint.2016.09.099
10.1016/j.ceramint.2016.09.108
10.1016/j.ceramint.2016.09.124
10.1016/j.ceramint.2016.09.125
10.1016/j.ceramint.2016.09.129
10.1016/j.ceramint.2016.09.141
10.1016/j.ceramint.2016.09.143
10.1016/j.ceramint.2016.09.171
10.1016/j.ceramint.2016.09.175
10.1016/j.ceramint.2016.09.178
10.1016/j.ceramint.2016.09.183
10.1016/j.ceramint.2016.09.187
10.1016/j.ceramint.2016.10.005
10.1016/j.ceramint.2016.10.009
10.1016/j.ceramint.2016.10.011
10.1016/j.ceramint.2016.10.019
10.1016/j.ceramint.2016.10.024
10.1016/j.ceramint.2016.10.026
10.1016/j.ceramint.2016.10.039
10.1016/j.ceramint.2016.10.046
10.1016/j.ceramint.2016.10.067
10.1016/j.ceramint.2016.10.084
10.1016/j.ceramint.2016.10.092
10.1016/j.ceramint.2016.10.100
10.1016/j.ceramint.2016.10.101
10.1016/j.ceramint.2016.10.117
10.1016/j.ceramint.2016.10.130
10.1016/j.ceramint.2016.10.150
10.1016/j.ceramint.2016.10.154
10.1016/j.ceramint.2016.10.173
10.1016/j.ceramint.2016.10.195
10.1016/j.ceramint.2016.11.002
10.1016/j.ceramint.2016.11.014
10.1016/j.ceramint.2016.11.027
10.1016/j.ceramint.2016.11.029
10.1016/j.ceramint.2016.11.030
10.1016/j.ceramint.2016.11.077
10.1016/j.ceramint.2016.11.107
10.1016/j.ceramint.2016.11.122
10.1016/j.ceramint.2016.11.126
10.1016/j.ceramint.2016.11.131
10.1016/j.ceramint.2016.11.153
10.1016/j.ceramint.2016.11.157
10.1016/j.ceramint.2016.11.158
10.1016/j.ceramint.2016.11.160
10.1016/j.ceramint.2016.11.179
10.1016/j.ceramint.2016.11.190
10.1016/j.ceramint.2016.11.193
10.1016/j.ceramint.2016.11.198
10.1016/j.ceramint.2016.11.204
10.1016/j.ceramint.2016.12.007
10.1016/j.ceramint.2016.12.019
10.1016/j.cja.2013.07.032
10.1016/j.cja.2014.03.020
10.1016/j.cja.2015.01.006
10.1016/j.cja.2015.01.013
10.1016/j.cja.2015.07.011
10.1016/j.coal.2016.08.003
10.1016/j.colsurfb.2015.01.016
10.1016/j.colsurfb.2016.05.002
10.1016/j.colsurfb.2016.05.022
10.1016/j.commatsci.2005.11.011
10.1016/j.commatsci.2007.01.009
10.1016/j.commatsci.2007.07.015
10.1016/j.commatsci.2007.11.003
10.1016/j.commatsci.2008.07.017
10.1016/j.commatsci.2008.12.003
10.1016/j.commatsci.2009.11.015
10.1016/j.commatsci.2009.11.024
10.1016/j.commatsci.2009.12.019
10.1016/j.commatsci.2009.12.035
10.1016/j.commatsci.2010.01.036
10.1016/j.commatsci.2010.04.034
10.1016/j.commatsci.2010.05.051
10.1016/j.commatsci.2010.12.009
10.1016/j.commatsci.2011.01.027
10.1016/j.commatsci.2011.01.030
10.1016/j.commatsci.2011.04.021
10.1016/j.commatsci.2011.05.041
10.1016/j.commatsci.2011.06.025
10.1016/j.commatsci.2011.07.055
10.1016/j.commatsci.2011.07.056
10.1016/j.commatsci.2011.08.001
10.1016/j.commatsci.2011.10.039
10.1016/j.commatsci.2012.03.033
10.1016/j.commatsci.2012.06.021
10.1016/j.commatsci.2012.06.033
10.1016/j.commatsci.2012.07.014
10.1016/j.commatsci.2012.07.036
10.1016/j.commatsci.2012.09.013
10.1016/j.commatsci.2012.09.018
10.1016/j.commatsci.2012.10.026
10.1016/j.commatsci.2012.12.006
10.1016/j.commatsci.2013.01.018
10.1016/j.commatsci.2013.04.008
10.1016/j.commatsci.2013.04.016
10.1016/j.commatsci.2013.04.020
10.1016/j.commatsci.2013.04.042
10.1016/j.commatsci.2013.04.045
10.1016/j.commatsci.2013.04.065
10.1016/j.commatsci.2013.08.006
10.1016/j.commatsci.2014.10.039
10.1016/j.commatsci.2015.05.020
10.1016/j.commatsci.2015.08.011
10.1016/j.commatsci.2015.09.054
10.1016/j.compositesb.2015.11.007
10.1016/j.compscitech.2007.05.023
10.1016/j.compscitech.2009.08.007
10.1016/j.compscitech.2012.03.020
10.1016/j.compscitech.2013.03.025
10.1016/j.compscitech.2015.06.010
10.1016/j.compscitech.2015.08.009
10.1016/j.conbuildmat.2013.02.002
10.1016/j.conbuildmat.2014.06.017
10.1016/j.corsci.2009.11.030
10.1016/j.corsci.2012.04.047
10.1016/j.corsci.2012.06.005
10.1016/j.corsci.2012.12.001
10.1016/j.corsci.2013.06.024
10.1016/j.corsci.2013.11.010
10.1016/j.corsci.2013.11.038
10.1016/j.corsci.2014.03.036
10.1016/j.corsci.2014.04.053
10.1016/j.corsci.2014.04.055
10.1016/j.corsci.2014.06.038
10.1016/j.corsci.2014.07.062
10.1016/j.corsci.2014.10.010
10.1016/j.corsci.2015.01.008
10.1016/j.corsci.2015.01.042
10.1016/j.corsci.2015.01.043
10.1016/j.corsci.2015.02.032
10.1016/j.corsci.2015.05.037
10.1016/j.corsci.2015.06.035
10.1016/j.corsci.2015.08.005
10.1016/j.corsci.2015.08.021
10.1016/j.corsci.2015.08.039
10.1016/j.corsci.2015.09.005
10.1016/j.corsci.2015.11.023
10.1016/j.corsci.2016.01.004
10.1016/j.corsci.2016.02.030
10.1016/j.corsci.2016.03.002
10.1016/j.corsci.2016.04.007
10.1016/j.corsci.2016.04.022
10.1016/j.corsci.2016.04.029
10.1016/j.corsci.2016.04.037
10.1016/j.corsci.2016.04.041
10.1016/j.corsci.2016.04.048
10.1016/j.corsci.2016.07.002
10.1016/j.corsci.2016.07.005
10.1016/j.corsci.2016.07.011
10.1016/j.corsci.2016.07.024
10.1016/j.corsci.2016.07.025
10.1016/j.corsci.2016.07.032
10.1016/j.corsci.2016.09.012
10.1016/j.corsci.2016.09.013
10.1016/j.corsci.2016.10.004
10.1016/j.corsci.2016.10.029
10.1016/j.corsci.2016.11.017
10.1016/j.cplett.2006.04.005
10.1016/j.cplett.2013.01.039
10.1016/j.cplett.2016.10.079
10.1016/j.csite.2013.10.001
10.1016/j.csite.2014.02.002
10.1016/j.csse.2016.06.002
10.1016/j.diamond.2016.03.024
10.1016/j.diamond.2016.05.011
10.1016/j.diamond.2016.08.017
10.1016/j.dib.2015.11.013
10.1016/j.dib.2016.02.022
10.1016/j.dib.2016.09.042
10.1016/j.dt.2014.10.003
10.1016/j.dt.2015.01.004
10.1016/j.dt.2015.04.004
10.1016/j.dt.2016.08.003
10.1016/j.dt.2016.09.003
10.1016/j.egypro.2014.07.307
10.1016/j.egypro.2014.10.194
10.1016/j.electacta.2003.10.006
10.1016/j.electacta.2011.02.116
10.1016/j.electacta.2011.04.069
10.1016/j.electacta.2011.07.114
10.1016/j.electacta.2012.03.018
10.1016/j.electacta.2013.08.065
10.1016/j.electacta.2014.09.112
10.1016/j.electacta.2015.12.044
10.1016/j.electacta.2016.02.167
10.1016/j.electacta.2016.02.182
10.1016/j.electacta.2016.02.199
10.1016/j.electacta.2016.03.005
10.1016/j.electacta.2016.03.030
10.1016/j.electacta.2016.04.002
10.1016/j.electacta.2016.06.014
10.1016/j.electacta.2016.06.154
10.1016/j.electacta.2016.08.024
10.1016/j.electacta.2016.08.132
10.1016/j.electacta.2016.10.152
10.1016/j.electacta.2016.11.006
10.1016/j.electacta.2016.11.164
10.1016/j.eml.2016.05.007
10.1016/j.engfracmech.2009.12.011
10.1016/j.engfracmech.2015.04.014
10.1016/j.engfracmech.2015.05.059
10.1016/j.engfracmech.2015.06.013
10.1016/j.fuproc.2016.08.002
10.1016/j.hbrcj.2015.05.002
10.1016/j.ijfatigue.2005.05.009
10.1016/j.ijfatigue.2007.05.001
10.1016/j.ijfatigue.2008.04.007
10.1016/j.ijfatigue.2010.01.003
10.1016/j.ijfatigue.2010.01.012
10.1016/j.ijfatigue.2010.02.001
10.1016/j.ijfatigue.2010.10.004
10.1016/j.ijfatigue.2010.11.025
10.1016/j.ijfatigue.2011.09.017
10.1016/j.ijfatigue.2012.08.009
10.1016/j.ijfatigue.2012.09.014
10.1016/j.ijfatigue.2013.01.009
10.1016/j.ijfatigue.2013.06.008
10.1016/j.ijfatigue.2013.10.005
10.1016/j.ijfatigue.2013.12.005
10.1016/j.ijfatigue.2014.12.013
10.1016/j.ijfatigue.2015.02.013
10.1016/j.ijfatigue.2015.06.011
10.1016/j.ijfatigue.2015.06.023
10.1016/j.ijfatigue.2015.08.001
10.1016/j.ijfatigue.2015.08.008
10.1016/j.ijfatigue.2015.09.004
10.1016/j.ijfatigue.2015.10.009
10.1016/j.ijfatigue.2015.11.006
10.1016/j.ijfatigue.2015.12.010
10.1016/j.ijfatigue.2016.01.013
10.1016/j.ijfatigue.2016.01.022
10.1016/j.ijfatigue.2016.02.011
10.1016/j.ijfatigue.2016.03.003
10.1016/j.ijfatigue.2016.03.012
10.1016/j.ijfatigue.2016.04.022
10.1016/j.ijfatigue.2016.04.032
10.1016/j.ijfatigue.2016.05.002
10.1016/j.ijfatigue.2016.05.005
10.1016/j.ijfatigue.2016.05.006
10.1016/j.ijfatigue.2016.05.012
10.1016/j.ijfatigue.2016.05.016
10.1016/j.ijfatigue.2016.05.019
10.1016/j.ijfatigue.2016.05.033
10.1016/j.ijfatigue.2016.06.001
10.1016/j.ijfatigue.2016.06.003
10.1016/j.ijfatigue.2016.06.006
10.1016/j.ijfatigue.2016.06.007
10.1016/j.ijfatigue.2016.06.009
10.1016/j.ijfatigue.2016.06.010
10.1016/j.ijfatigue.2016.06.013
10.1016/j.ijfatigue.2016.06.022
10.1016/j.ijfatigue.2016.06.034
10.1016/j.ijfatigue.2016.07.002
10.1016/j.ijfatigue.2016.07.019
10.1016/j.ijfatigue.2016.08.003
10.1016/j.ijfatigue.2016.08.009
10.1016/j.ijfatigue.2016.08.019
10.1016/j.ijfatigue.2016.09.005
10.1016/j.ijfatigue.2016.10.002
10.1016/j.ijfatigue.2016.10.008
10.1016/j.ijfatigue.2016.10.013
10.1016/j.ijfatigue.2016.11.003
10.1016/j.ijfatigue.2016.11.032
10.1016/j.ijhydene.2016.09.100
10.1016/j.ijplas.2016.10.001
10.1016/j.ijpvp.2010.07.012
10.1016/j.ijpvp.2012.05.011
10.1016/j.ijpvp.2014.01.002
10.1016/j.ijsolstr.2012.03.027
10.1016/j.intermet.2004.03.014
10.1016/j.intermet.2004.07.007
10.1016/j.intermet.2004.07.047
10.1016/j.intermet.2006.08.004
10.1016/j.intermet.2009.03.013
10.1016/j.intermet.2010.08.012
10.1016/j.intermet.2010.08.023
10.1016/j.intermet.2010.11.006
10.1016/j.intermet.2011.01.012
10.1016/j.intermet.2011.07.009
10.1016/j.intermet.2011.10.018
10.1016/j.intermet.2011.11.001
10.1016/j.intermet.2012.01.013
10.1016/j.intermet.2012.03.010
10.1016/j.intermet.2012.07.006
10.1016/j.intermet.2012.07.009
10.1016/j.intermet.2012.07.012
10.1016/j.intermet.2012.07.016
10.1016/j.intermet.2012.07.034
10.1016/j.intermet.2012.11.004
10.1016/j.intermet.2012.12.006
10.1016/j.intermet.2013.01.006
10.1016/j.intermet.2013.06.006
10.1016/j.intermet.2013.08.004
10.1016/j.intermet.2013.08.005
10.1016/j.intermet.2013.09.011
10.1016/j.intermet.2013.10.019
10.1016/j.intermet.2013.11.022
10.1016/j.intermet.2014.01.004
10.1016/j.intermet.2014.01.013
10.1016/j.intermet.2014.01.019
10.1016/j.intermet.2014.02.010
10.1016/j.intermet.2014.03.015
10.1016/j.intermet.2014.03.016
10.1016/j.intermet.2014.04.005
10.1016/j.intermet.2014.04.006
10.1016/j.intermet.2014.07.011
10.1016/j.intermet.2014.07.012
10.1016/j.intermet.2014.07.013
10.1016/j.intermet.2014.07.014
10.1016/j.intermet.2014.07.022
10.1016/j.intermet.2014.09.012
10.1016/j.intermet.2014.11.002
10.1016/j.intermet.2014.11.008
10.1016/j.intermet.2014.12.004
10.1016/j.intermet.2015.01.002
10.1016/j.intermet.2015.02.018
10.1016/j.intermet.2015.03.017
10.1016/j.intermet.2015.04.006
10.1016/j.intermet.2015.04.008
10.1016/j.intermet.2015.04.013
10.1016/j.intermet.2015.07.003
10.1016/j.intermet.2015.07.005
10.1016/j.intermet.2015.07.006
10.1016/j.intermet.2015.08.012
10.1016/j.intermet.2015.10.005
10.1016/j.intermet.2015.10.010
10.1016/j.intermet.2015.10.011
10.1016/j.intermet.2015.10.018
10.1016/j.intermet.2015.12.002
10.1016/j.intermet.2016.01.001
10.1016/j.intermet.2016.01.003
10.1016/j.intermet.2016.01.008
10.1016/j.intermet.2016.01.010
10.1016/j.intermet.2016.02.006
10.1016/j.intermet.2016.03.001
10.1016/j.intermet.2016.03.004
10.1016/j.intermet.2016.05.006
10.1016/j.intermet.2016.05.008
10.1016/j.intermet.2016.05.013
10.1016/j.intermet.2016.06.003
10.1016/j.intermet.2016.08.004
10.1016/j.intermet.2016.09.006
10.1016/j.intermet.2016.09.007
10.1016/j.intermet.2016.11.009
10.1016/j.jad.2015.06.041
10.1016/j.jallcom.2005.03.121
10.1016/j.jallcom.2006.07.002
10.1016/j.jallcom.2007.02.163
10.1016/j.jallcom.2007.03.051
10.1016/j.jallcom.2007.06.107
10.1016/j.jallcom.2007.11.090
10.1016/j.jallcom.2008.05.104
10.1016/j.jallcom.2009.06.053
10.1016/j.jallcom.2009.09.038
10.1016/j.jallcom.2010.02.054
10.1016/j.jallcom.2010.02.115
10.1016/j.jallcom.2010.03.088
10.1016/j.jallcom.2010.04.080
10.1016/j.jallcom.2010.04.103
10.1016/j.jallcom.2010.05.057
10.1016/j.jallcom.2010.06.106
10.1016/j.jallcom.2010.12.051
10.1016/j.jallcom.2011.01.014
10.1016/j.jallcom.2011.01.203
10.1016/j.jallcom.2011.02.075
10.1016/j.jallcom.2011.03.142
10.1016/j.jallcom.2011.06.030
10.1016/j.jallcom.2011.08.078
10.1016/j.jallcom.2011.09.091
10.1016/j.jallcom.2012.01.139
10.1016/j.jallcom.2012.02.028
10.1016/j.jallcom.2012.02.098
10.1016/j.jallcom.2012.02.141
10.1016/j.jallcom.2012.02.158
10.1016/j.jallcom.2012.04.076
10.1016/j.jallcom.2012.05.111
10.1016/j.jallcom.2012.07.022
10.1016/j.jallcom.2012.08.045
10.1016/j.jallcom.2012.09.091
10.1016/j.jallcom.2012.10.128
10.1016/j.jallcom.2012.10.175
10.1016/j.jallcom.2012.12.071
10.1016/j.jallcom.2012.12.132
10.1016/j.jallcom.2013.01.007
10.1016/j.jallcom.2013.01.010
10.1016/j.jallcom.2013.01.011
10.1016/j.jallcom.2013.02.168
10.1016/j.jallcom.2013.03.085
10.1016/j.jallcom.2013.03.243
10.1016/j.jallcom.2013.04.100
10.1016/j.jallcom.2013.04.117
10.1016/j.jallcom.2013.04.173
10.1016/j.jallcom.2013.05.117
10.1016/j.jallcom.2013.06.055
10.1016/j.jallcom.2013.06.171
10.1016/j.jallcom.2013.06.185
10.1016/j.jallcom.2013.07.017
10.1016/j.jallcom.2013.07.196
10.1016/j.jallcom.2013.08.030
10.1016/j.jallcom.2013.08.041
10.1016/j.jallcom.2013.08.151
10.1016/j.jallcom.2013.08.183
10.1016/j.jallcom.2013.09.048
10.1016/j.jallcom.2013.09.140
10.1016/j.jallcom.2013.10.010
10.1016/j.jallcom.2013.10.130
10.1016/j.jallcom.2013.11.080
10.1016/j.jallcom.2013.11.105
10.1016/j.jallcom.2013.11.161
10.1016/j.jallcom.2013.12.008
10.1016/j.jallcom.2013.12.019
10.1016/j.jallcom.2013.12.143
10.1016/j.jallcom.2013.12.164
10.1016/j.jallcom.2013.12.192
10.1016/j.jallcom.2013.12.224
10.1016/j.jallcom.2013.12.262
10.1016/j.jallcom.2014.01.041
10.1016/j.jallcom.2014.01.054
10.1016/j.jallcom.2014.01.124
10.1016/j.jallcom.2014.01.174
10.1016/j.jallcom.2014.01.207
10.1016/j.jallcom.2014.01.212
10.1016/j.jallcom.2014.02.055
10.1016/j.jallcom.2014.02.068
10.1016/j.jallcom.2014.02.110
10.1016/j.jallcom.2014.03.022
10.1016/j.jallcom.2014.03.057
10.1016/j.jallcom.2014.03.082
10.1016/j.jallcom.2014.03.093
10.1016/j.jallcom.2014.03.136
10.1016/j.jallcom.2014.04.058
10.1016/j.jallcom.2014.04.141
10.1016/j.jallcom.2014.05.058
10.1016/j.jallcom.2014.05.092
10.1016/j.jallcom.2014.05.194
10.1016/j.jallcom.2014.06.075
10.1016/j.jallcom.2014.06.207
10.1016/j.jallcom.2014.07.056
10.1016/j.jallcom.2014.07.082
10.1016/j.jallcom.2014.07.143
10.1016/j.jallcom.2014.07.161
10.1016/j.jallcom.2014.08.007
10.1016/j.jallcom.2014.08.022
10.1016/j.jallcom.2014.08.034
10.1016/j.jallcom.2014.08.092
10.1016/j.jallcom.2014.08.124
10.1016/j.jallcom.2014.08.164
10.1016/j.jallcom.2014.08.223
10.1016/j.jallcom.2014.08.228
10.1016/j.jallcom.2014.09.064
10.1016/j.jallcom.2014.09.089
10.1016/j.jallcom.2014.09.111
10.1016/j.jallcom.2014.09.192
10.1016/j.jallcom.2014.10.006
10.1016/j.jallcom.2014.10.062
10.1016/j.jallcom.2014.10.111
10.1016/j.jallcom.2014.10.128
10.1016/j.jallcom.2014.10.207
10.1016/j.jallcom.2014.11.012
10.1016/j.jallcom.2014.11.021
10.1016/j.jallcom.2014.11.048
10.1016/j.jallcom.2014.11.075
10.1016/j.jallcom.2014.11.144
10.1016/j.jallcom.2014.11.167
10.1016/j.jallcom.2014.11.199
10.1016/j.jallcom.2014.12.069
10.1016/j.jallcom.2014.12.073
10.1016/j.jallcom.2014.12.100
10.1016/j.jallcom.2014.12.134
10.1016/j.jallcom.2014.12.210
10.1016/j.jallcom.2014.12.241
10.1016/j.jallcom.2014.12.251
10.1016/j.jallcom.2015.01.016
10.1016/j.jallcom.2015.01.077
10.1016/j.jallcom.2015.01.093
10.1016/j.jallcom.2015.01.094
10.1016/j.jallcom.2015.01.140
10.1016/j.jallcom.2015.01.185
10.1016/j.jallcom.2015.01.217
10.1016/j.jallcom.2015.01.249
10.1016/j.jallcom.2015.02.004
10.1016/j.jallcom.2015.02.081
10.1016/j.jallcom.2015.02.091
10.1016/j.jallcom.2015.02.124
10.1016/j.jallcom.2015.02.147
10.1016/j.jallcom.2015.02.184
10.1016/j.jallcom.2015.03.016
10.1016/j.jallcom.2015.03.019
10.1016/j.jallcom.2015.03.042
10.1016/j.jallcom.2015.03.044
10.1016/j.jallcom.2015.03.062
10.1016/j.jallcom.2015.03.228
10.1016/j.jallcom.2015.04.038
10.1016/j.jallcom.2015.04.042
10.1016/j.jallcom.2015.04.118
10.1016/j.jallcom.2015.04.156
10.1016/j.jallcom.2015.04.168
10.1016/j.jallcom.2015.04.196
10.1016/j.jallcom.2015.04.224
10.1016/j.jallcom.2015.05.023
10.1016/j.jallcom.2015.05.059
10.1016/j.jallcom.2015.05.129
10.1016/j.jallcom.2015.05.160
10.1016/j.jallcom.2015.05.178
10.1016/j.jallcom.2015.05.183
10.1016/j.jallcom.2015.05.195
10.1016/j.jallcom.2015.05.198
10.1016/j.jallcom.2015.05.244
10.1016/j.jallcom.2015.05.260
10.1016/j.jallcom.2015.05.272
10.1016/j.jallcom.2015.05.277
10.1016/j.jallcom.2015.05.287
10.1016/j.jallcom.2015.06.007
10.1016/j.jallcom.2015.06.019
10.1016/j.jallcom.2015.06.060
10.1016/j.jallcom.2015.06.122
10.1016/j.jallcom.2015.06.244
10.1016/j.jallcom.2015.07.079
10.1016/j.jallcom.2015.07.098
10.1016/j.jallcom.2015.07.144
10.1016/j.jallcom.2015.07.185
10.1016/j.jallcom.2015.07.187
10.1016/j.jallcom.2015.07.230
10.1016/j.jallcom.2015.07.242
10.1016/j.jallcom.2015.07.259
10.1016/j.jallcom.2015.07.295
10.1016/j.jallcom.2015.08.020
10.1016/j.jallcom.2015.08.028
10.1016/j.jallcom.2015.08.047
10.1016/j.jallcom.2015.08.105
10.1016/j.jallcom.2015.08.132
10.1016/j.jallcom.2015.08.138
10.1016/j.jallcom.2015.08.191
10.1016/j.jallcom.2015.08.239
10.1016/j.jallcom.2015.09.009
10.1016/j.jallcom.2015.09.024
10.1016/j.jallcom.2015.09.044
10.1016/j.jallcom.2015.09.056
10.1016/j.jallcom.2015.09.135
10.1016/j.jallcom.2015.09.155
10.1016/j.jallcom.2015.09.179
10.1016/j.jallcom.2015.09.219
10.1016/j.jallcom.2015.09.266
10.1016/j.jallcom.2015.09.267
10.1016/j.jallcom.2015.10.053
10.1016/j.jallcom.2015.10.059
10.1016/j.jallcom.2015.10.070
10.1016/j.jallcom.2015.10.119
10.1016/j.jallcom.2015.10.166
10.1016/j.jallcom.2015.10.168
10.1016/j.jallcom.2015.10.189
10.1016/j.jallcom.2015.10.224
10.1016/j.jallcom.2015.10.258
10.1016/j.jallcom.2015.11.010
10.1016/j.jallcom.2015.11.034
10.1016/j.jallcom.2015.11.051
10.1016/j.jallcom.2015.11.059
10.1016/j.jallcom.2015.11.072
10.1016/j.jallcom.2015.11.082
10.1016/j.jallcom.2015.11.083
10.1016/j.jallcom.2015.11.091
10.1016/j.jallcom.2015.11.093
10.1016/j.jallcom.2015.11.115
10.1016/j.jallcom.2015.11.133
10.1016/j.jallcom.2015.11.141
10.1016/j.jallcom.2015.11.171
10.1016/j.jallcom.2015.11.205
10.1016/j.jallcom.2015.11.222
10.1016/j.jallcom.2015.11.228
10.1016/j.jallcom.2015.12.014
10.1016/j.jallcom.2015.12.015
10.1016/j.jallcom.2015.12.017
10.1016/j.jallcom.2015.12.024
10.1016/j.jallcom.2015.12.029
10.1016/j.jallcom.2015.12.059
10.1016/j.jallcom.2015.12.063
10.1016/j.jallcom.2015.12.122
10.1016/j.jallcom.2015.12.126
10.1016/j.jallcom.2015.12.128
10.1016/j.jallcom.2015.12.131
10.1016/j.jallcom.2015.12.133
10.1016/j.jallcom.2015.12.142
10.1016/j.jallcom.2015.12.152
10.1016/j.jallcom.2015.12.172
10.1016/j.jallcom.2015.12.221
10.1016/j.jallcom.2015.12.234
10.1016/j.jallcom.2016.01.012
10.1016/j.jallcom.2016.01.022
10.1016/j.jallcom.2016.01.023
10.1016/j.jallcom.2016.01.030
10.1016/j.jallcom.2016.01.053
10.1016/j.jallcom.2016.01.065
10.1016/j.jallcom.2016.01.118
10.1016/j.jallcom.2016.01.140
10.1016/j.jallcom.2016.01.170
10.1016/j.jallcom.2016.01.193
10.1016/j.jallcom.2016.01.210
10.1016/j.jallcom.2016.01.219
10.1016/j.jallcom.2016.01.228
10.1016/j.jallcom.2016.01.229
10.1016/j.jallcom.2016.01.233
10.1016/j.jallcom.2016.01.236
10.1016/j.jallcom.2016.01.254
10.1016/j.jallcom.2016.02.011
10.1016/j.jallcom.2016.02.021
10.1016/j.jallcom.2016.02.022
10.1016/j.jallcom.2016.02.026
10.1016/j.jallcom.2016.02.065
10.1016/j.jallcom.2016.02.115
10.1016/j.jallcom.2016.02.120
10.1016/j.jallcom.2016.02.125
10.1016/j.jallcom.2016.02.163
10.1016/j.jallcom.2016.02.172
10.1016/j.jallcom.2016.02.177
10.1016/j.jallcom.2016.02.183
10.1016/j.jallcom.2016.02.191
10.1016/j.jallcom.2016.02.216
10.1016/j.jallcom.2016.02.220
10.1016/j.jallcom.2016.02.226
10.1016/j.jallcom.2016.02.243
10.1016/j.jallcom.2016.02.257
10.1016/j.jallcom.2016.02.266
10.1016/j.jallcom.2016.03.005
10.1016/j.jallcom.2016.03.009
10.1016/j.jallcom.2016.03.027
10.1016/j.jallcom.2016.03.058
10.1016/j.jallcom.2016.03.077
10.1016/j.jallcom.2016.03.091
10.1016/j.jallcom.2016.03.105
10.1016/j.jallcom.2016.03.127
10.1016/j.jallcom.2016.03.133
10.1016/j.jallcom.2016.03.140
10.1016/j.jallcom.2016.03.145
10.1016/j.jallcom.2016.03.204
10.1016/j.jallcom.2016.03.237
10.1016/j.jallcom.2016.03.276
10.1016/j.jallcom.2016.03.284
10.1016/j.jallcom.2016.03.286
10.1016/j.jallcom.2016.03.296
10.1016/j.jallcom.2016.03.301
10.1016/j.jallcom.2016.03.307
10.1016/j.jallcom.2016.04.014
10.1016/j.jallcom.2016.04.047
10.1016/j.jallcom.2016.04.064
10.1016/j.jallcom.2016.04.067
10.1016/j.jallcom.2016.04.078
10.1016/j.jallcom.2016.04.083
10.1016/j.jallcom.2016.04.087
10.1016/j.jallcom.2016.04.106
10.1016/j.jallcom.2016.04.107
10.1016/j.jallcom.2016.04.116
10.1016/j.jallcom.2016.04.129
10.1016/j.jallcom.2016.04.137
10.1016/j.jallcom.2016.04.159
10.1016/j.jallcom.2016.04.185
10.1016/j.jallcom.2016.04.192
10.1016/j.jallcom.2016.04.223
10.1016/j.jallcom.2016.04.261
10.1016/j.jallcom.2016.04.273
10.1016/j.jallcom.2016.04.293
10.1016/j.jallcom.2016.04.298
10.1016/j.jallcom.2016.04.303
10.1016/j.jallcom.2016.04.321
10.1016/j.jallcom.2016.05.002
10.1016/j.jallcom.2016.05.039
10.1016/j.jallcom.2016.05.072
10.1016/j.jallcom.2016.05.099
10.1016/j.jallcom.2016.05.122
10.1016/j.jallcom.2016.05.135
10.1016/j.jallcom.2016.05.137
10.1016/j.jallcom.2016.05.153
10.1016/j.jallcom.2016.05.163
10.1016/j.jallcom.2016.05.176
10.1016/j.jallcom.2016.05.187
10.1016/j.jallcom.2016.05.207
10.1016/j.jallcom.2016.05.210
10.1016/j.jallcom.2016.05.225
10.1016/j.jallcom.2016.05.231
10.1016/j.jallcom.2016.05.232
10.1016/j.jallcom.2016.05.241
10.1016/j.jallcom.2016.05.271
10.1016/j.jallcom.2016.05.280
10.1016/j.jallcom.2016.05.288
10.1016/j.jallcom.2016.05.294
10.1016/j.jallcom.2016.05.319
10.1016/j.jallcom.2016.05.331
10.1016/j.jallcom.2016.05.337
10.1016/j.jallcom.2016.05.343
10.1016/j.jallcom.2016.05.349
10.1016/j.jallcom.2016.06.011
10.1016/j.jallcom.2016.06.016
10.1016/j.jallcom.2016.06.031
10.1016/j.jallcom.2016.06.037
10.1016/j.jallcom.2016.06.039
10.1016/j.jallcom.2016.06.046
10.1016/j.jallcom.2016.06.049
10.1016/j.jallcom.2016.06.051
10.1016/j.jallcom.2016.06.058
10.1016/j.jallcom.2016.06.063
10.1016/j.jallcom.2016.06.075
10.1016/j.jallcom.2016.06.111
10.1016/j.jallcom.2016.06.122
10.1016/j.jallcom.2016.06.123
10.1016/j.jallcom.2016.06.132
10.1016/j.jallcom.2016.06.159
10.1016/j.jallcom.2016.06.184
10.1016/j.jallcom.2016.06.205
10.1016/j.jallcom.2016.06.208
10.1016/j.jallcom.2016.06.209
10.1016/j.jallcom.2016.06.232
10.1016/j.jallcom.2016.06.254
10.1016/j.jallcom.2016.06.261
10.1016/j.jallcom.2016.06.262
10.1016/j.jallcom.2016.06.267
10.1016/j.jallcom.2016.06.273
10.1016/j.jallcom.2016.06.275
10.1016/j.jallcom.2016.06.289
10.1016/j.jallcom.2016.06.296
10.1016/j.jallcom.2016.07.004
10.1016/j.jallcom.2016.07.013
10.1016/j.jallcom.2016.07.016
10.1016/j.jallcom.2016.07.018
10.1016/j.jallcom.2016.07.031
10.1016/j.jallcom.2016.07.032
10.1016/j.jallcom.2016.07.037
10.1016/j.jallcom.2016.07.049
10.1016/j.jallcom.2016.07.065
10.1016/j.jallcom.2016.07.080
10.1016/j.jallcom.2016.07.085
10.1016/j.jallcom.2016.07.096
10.1016/j.jallcom.2016.07.099
10.1016/j.jallcom.2016.07.105
10.1016/j.jallcom.2016.07.107
10.1016/j.jallcom.2016.07.108
10.1016/j.jallcom.2016.07.118
10.1016/j.jallcom.2016.07.135
10.1016/j.jallcom.2016.07.147
10.1016/j.jallcom.2016.07.149
10.1016/j.jallcom.2016.07.151
10.1016/j.jallcom.2016.07.155
10.1016/j.jallcom.2016.07.159
10.1016/j.jallcom.2016.07.162
10.1016/j.jallcom.2016.07.168
10.1016/j.jallcom.2016.07.177
10.1016/j.jallcom.2016.07.199
10.1016/j.jallcom.2016.07.200
10.1016/j.jallcom.2016.07.206
10.1016/j.jallcom.2016.07.214
10.1016/j.jallcom.2016.07.240
10.1016/j.jallcom.2016.07.255
10.1016/j.jallcom.2016.07.258
10.1016/j.jallcom.2016.07.259
10.1016/j.jallcom.2016.07.264
10.1016/j.jallcom.2016.07.269
10.1016/j.jallcom.2016.07.276
10.1016/j.jallcom.2016.07.277
10.1016/j.jallcom.2016.07.280
10.1016/j.jallcom.2016.07.297
10.1016/j.jallcom.2016.07.310
10.1016/j.jallcom.2016.07.319
10.1016/j.jallcom.2016.07.325
10.1016/j.jallcom.2016.07.333
10.1016/j.jallcom.2016.08.017
10.1016/j.jallcom.2016.08.020
10.1016/j.jallcom.2016.08.051
10.1016/j.jallcom.2016.08.055
10.1016/j.jallcom.2016.08.056
10.1016/j.jallcom.2016.08.070
10.1016/j.jallcom.2016.08.074
10.1016/j.jallcom.2016.08.081
10.1016/j.jallcom.2016.08.093
10.1016/j.jallcom.2016.08.111
10.1016/j.jallcom.2016.08.121
10.1016/j.jallcom.2016.08.128
10.1016/j.jallcom.2016.08.138
10.1016/j.jallcom.2016.08.144
10.1016/j.jallcom.2016.08.145
10.1016/j.jallcom.2016.08.147
10.1016/j.jallcom.2016.08.148
10.1016/j.jallcom.2016.08.160
10.1016/j.jallcom.2016.08.164
10.1016/j.jallcom.2016.08.206
10.1016/j.jallcom.2016.08.214
10.1016/j.jallcom.2016.08.219
10.1016/j.jallcom.2016.08.238
10.1016/j.jallcom.2016.08.243
10.1016/j.jallcom.2016.08.244
10.1016/j.jallcom.2016.08.249
10.1016/j.jallcom.2016.08.255
10.1016/j.jallcom.2016.08.272
10.1016/j.jallcom.2016.08.286
10.1016/j.jallcom.2016.08.291
10.1016/j.jallcom.2016.08.298
10.1016/j.jallcom.2016.08.299
10.1016/j.jallcom.2016.08.301
10.1016/j.jallcom.2016.08.304
10.1016/j.jallcom.2016.08.310
10.1016/j.jallcom.2016.08.312
10.1016/j.jallcom.2016.08.321
10.1016/j.jallcom.2016.08.330
10.1016/j.jallcom.2016.09.003
10.1016/j.jallcom.2016.09.006
10.1016/j.jallcom.2016.09.012
10.1016/j.jallcom.2016.09.018
10.1016/j.jallcom.2016.09.019
10.1016/j.jallcom.2016.09.020
10.1016/j.jallcom.2016.09.022
10.1016/j.jallcom.2016.09.045
10.1016/j.jallcom.2016.09.058
10.1016/j.jallcom.2016.09.060
10.1016/j.jallcom.2016.09.062
10.1016/j.jallcom.2016.09.065
10.1016/j.jallcom.2016.09.068
10.1016/j.jallcom.2016.09.071
10.1016/j.jallcom.2016.09.074
10.1016/j.jallcom.2016.09.078
10.1016/j.jallcom.2016.09.082
10.1016/j.jallcom.2016.09.098
10.1016/j.jallcom.2016.09.103
10.1016/j.jallcom.2016.09.106
10.1016/j.jallcom.2016.09.108
10.1016/j.jallcom.2016.09.123
10.1016/j.jallcom.2016.09.194
10.1016/j.jallcom.2016.09.198
10.1016/j.jallcom.2016.09.199
10.1016/j.jallcom.2016.09.208
10.1016/j.jallcom.2016.09.209
10.1016/j.jallcom.2016.09.213
10.1016/j.jallcom.2016.09.217
10.1016/j.jallcom.2016.09.230
10.1016/j.jallcom.2016.09.233
10.1016/j.jallcom.2016.09.240
10.1016/j.jallcom.2016.09.258
10.1016/j.jallcom.2016.09.277
10.1016/j.jallcom.2016.09.278
10.1016/j.jallcom.2016.09.283
10.1016/j.jallcom.2016.09.286
10.1016/j.jallcom.2016.09.305
10.1016/j.jallcom.2016.09.316
10.1016/j.jallcom.2016.10.012
10.1016/j.jallcom.2016.10.014
10.1016/j.jallcom.2016.10.017
10.1016/j.jallcom.2016.10.019
10.1016/j.jallcom.2016.10.025
10.1016/j.jallcom.2016.10.029
10.1016/j.jallcom.2016.10.033
10.1016/j.jallcom.2016.10.039
10.1016/j.jallcom.2016.10.049
10.1016/j.jallcom.2016.10.059
10.1016/j.jallcom.2016.10.061
10.1016/j.jallcom.2016.10.079
10.1016/j.jallcom.2016.10.109
10.1016/j.jallcom.2016.10.135
10.1016/j.jallcom.2016.10.138
10.1016/j.jallcom.2016.10.148
10.1016/j.jallcom.2016.10.151
10.1016/j.jallcom.2016.10.153
10.1016/j.jallcom.2016.10.176
10.1016/j.jallcom.2016.10.179
10.1016/j.jallcom.2016.10.190
10.1016/j.jallcom.2016.10.213
10.1016/j.jallcom.2016.10.216
10.1016/j.jallcom.2016.10.222
10.1016/j.jallcom.2016.10.228
10.1016/j.jallcom.2016.10.234
10.1016/j.jallcom.2016.10.252
10.1016/j.jallcom.2016.10.262
10.1016/j.jallcom.2016.10.282
10.1016/j.jallcom.2016.10.288
10.1016/j.jallcom.2016.10.291
10.1016/j.jallcom.2016.10.300
10.1016/j.jallcom.2016.10.322
10.1016/j.jallcom.2016.10.326
10.1016/j.jallcom.2016.11.007
10.1016/j.jallcom.2016.11.019
10.1016/j.jallcom.2016.11.028
10.1016/j.jallcom.2016.11.031
10.1016/j.jallcom.2016.11.064
10.1016/j.jallcom.2016.11.070
10.1016/j.jallcom.2016.11.085
10.1016/j.jallcom.2016.11.096
10.1016/j.jallcom.2016.11.099
10.1016/j.jallcom.2016.11.120
10.1016/j.jallcom.2016.11.127
10.1016/j.jallcom.2016.11.136
10.1016/j.jallcom.2016.11.138
10.1016/j.jallcom.2016.11.141
10.1016/j.jallcom.2016.11.147
10.1016/j.jallcom.2016.11.164
10.1016/j.jallcom.2016.11.181
10.1016/j.jallcom.2016.11.185
10.1016/j.jallcom.2016.11.202
10.1016/j.jallcom.2016.11.210
10.1016/j.jallcom.2016.11.218
10.1016/j.jallcom.2016.11.222
10.1016/j.jallcom.2016.11.233
10.1016/j.jallcom.2016.11.236
10.1016/j.jallcom.2016.11.278
10.1016/j.jallcom.2016.11.280
10.1016/j.jallcom.2016.11.302
10.1016/j.jallcom.2016.11.303
10.1016/j.jallcom.2016.11.305
10.1016/j.jallcom.2016.11.312
10.1016/j.jallcom.2016.11.315
10.1016/j.jallcom.2016.11.320
10.1016/j.jallcom.2016.11.327
10.1016/j.jallcom.2016.11.342
10.1016/j.jallcom.2016.11.353
10.1016/j.jallcom.2016.11.371
10.1016/j.jallcom.2016.11.384
10.1016/j.jallcom.2016.11.389
10.1016/j.jallcom.2016.11.395
10.1016/j.jallcom.2016.11.397
10.1016/j.jallcom.2016.11.398
10.1016/j.jallcom.2016.11.399
10.1016/j.jallcom.2016.11.406
10.1016/j.jallcom.2016.11.422
10.1016/j.jallcom.2016.12.005
10.1016/j.jallcom.2016.12.006
10.1016/j.jallcom.2016.12.010
10.1016/j.jallcom.2016.12.038
10.1016/j.jallcom.2016.12.041
10.1016/j.jascer.2015.04.001
10.1016/j.jascer.2015.11.003
10.1016/j.jascer.2016.04.002
10.1016/j.jcde.2016.06.005
10.1016/j.jcis.2005.02.094
10.1016/j.jcis.2013.09.046
10.1016/j.jcis.2014.12.094
10.1016/j.jcrysgro.2008.07.080
10.1016/j.jcrysgro.2008.10.021
10.1016/j.jcrysgro.2011.12.032
10.1016/j.jcrysgro.2012.06.005
10.1016/j.jcrysgro.2012.12.089
10.1016/j.jcrysgro.2014.02.023
10.1016/j.jcrysgro.2014.12.036
10.1016/j.jcrysgro.2015.07.016
10.1016/j.jcrysgro.2015.09.019
10.1016/j.jcrysgro.2015.10.024
10.1016/j.jcrysgro.2016.04.042
10.1016/j.jcrysgro.2016.05.003
10.1016/j.jcrysgro.2016.05.046
10.1016/j.jcrysgro.2016.07.019
10.1016/j.jcrysgro.2016.07.028
10.1016/j.jcrysgro.2016.08.045
10.1016/j.jestch.2014.07.004
10.1016/j.jestch.2016.01.013
10.1016/j.jestch.2016.06.003
10.1016/j.jeurceramsoc.2007.05.014
10.1016/j.jeurceramsoc.2007.12.007
10.1016/j.jeurceramsoc.2008.01.025
10.1016/j.jeurceramsoc.2008.04.025
10.1016/j.jeurceramsoc.2009.01.017
10.1016/j.jeurceramsoc.2009.11.018
10.1016/j.jeurceramsoc.2010.05.004
10.1016/j.jeurceramsoc.2010.06.011
10.1016/j.jeurceramsoc.2011.11.040
10.1016/j.jeurceramsoc.2012.02.036
10.1016/j.jeurceramsoc.2012.03.027
10.1016/j.jeurceramsoc.2012.04.013
10.1016/j.jeurceramsoc.2012.05.030
10.1016/j.jeurceramsoc.2012.06.020
10.1016/j.jeurceramsoc.2012.11.024
10.1016/j.jeurceramsoc.2012.12.022
10.1016/j.jeurceramsoc.2013.10.025
10.1016/j.jeurceramsoc.2014.01.005
10.1016/j.jeurceramsoc.2014.04.033
10.1016/j.jeurceramsoc.2014.05.031
10.1016/j.jeurceramsoc.2014.06.021
10.1016/j.jeurceramsoc.2014.08.003
10.1016/j.jeurceramsoc.2014.09.019
10.1016/j.jeurceramsoc.2014.12.020
10.1016/j.jeurceramsoc.2014.12.026
10.1016/j.jeurceramsoc.2015.02.020
10.1016/j.jeurceramsoc.2015.03.027
10.1016/j.jeurceramsoc.2015.08.019
10.1016/j.jeurceramsoc.2015.08.024
10.1016/j.jeurceramsoc.2015.09.006
10.1016/j.jeurceramsoc.2015.09.028
10.1016/j.jeurceramsoc.2015.10.031
10.1016/j.jeurceramsoc.2015.11.003
10.1016/j.jeurceramsoc.2015.11.040
10.1016/j.jeurceramsoc.2015.11.046
10.1016/j.jeurceramsoc.2015.12.023
10.1016/j.jeurceramsoc.2015.12.026
10.1016/j.jeurceramsoc.2015.12.028
10.1016/j.jeurceramsoc.2015.12.032
10.1016/j.jeurceramsoc.2015.12.037
10.1016/j.jeurceramsoc.2016.01.018
10.1016/j.jeurceramsoc.2016.01.049
10.1016/j.jeurceramsoc.2016.02.002
10.1016/j.jeurceramsoc.2016.02.033
10.1016/j.jeurceramsoc.2016.02.054
10.1016/j.jeurceramsoc.2016.03.026
10.1016/j.jeurceramsoc.2016.03.027
10.1016/j.jeurceramsoc.2016.04.005
10.1016/j.jeurceramsoc.2016.04.009
10.1016/j.jeurceramsoc.2016.04.025
10.1016/j.jeurceramsoc.2016.05.009
10.1016/j.jeurceramsoc.2016.05.014
10.1016/j.jeurceramsoc.2016.05.015
10.1016/j.jeurceramsoc.2016.05.017
10.1016/j.jeurceramsoc.2016.05.024
10.1016/j.jeurceramsoc.2016.05.045
10.1016/j.jeurceramsoc.2016.05.052
10.1016/j.jeurceramsoc.2016.06.003
10.1016/j.jeurceramsoc.2016.06.006
10.1016/j.jeurceramsoc.2016.06.007
10.1016/j.jeurceramsoc.2016.06.009
10.1016/j.jeurceramsoc.2016.06.012
10.1016/j.jeurceramsoc.2016.06.034
10.1016/j.jeurceramsoc.2016.06.044
10.1016/j.jeurceramsoc.2016.06.048
10.1016/j.jeurceramsoc.2016.06.049
10.1016/j.jeurceramsoc.2016.07.002
10.1016/j.jeurceramsoc.2016.07.025
10.1016/j.jeurceramsoc.2016.07.027
10.1016/j.jeurceramsoc.2016.07.039
10.1016/j.jeurceramsoc.2016.08.001
10.1016/j.jeurceramsoc.2016.08.003
10.1016/j.jeurceramsoc.2016.08.007
10.1016/j.jeurceramsoc.2016.08.023
10.1016/j.jeurceramsoc.2016.08.030
10.1016/j.jeurceramsoc.2016.08.032
10.1016/j.jeurceramsoc.2016.08.033
10.1016/j.jeurceramsoc.2016.08.035
10.1016/j.jeurceramsoc.2016.08.039
10.1016/j.jeurceramsoc.2016.09.003
10.1016/j.jeurceramsoc.2016.09.009
10.1016/j.jeurceramsoc.2016.09.010
10.1016/j.jeurceramsoc.2016.09.016
10.1016/j.jeurceramsoc.2016.09.017
10.1016/j.jeurceramsoc.2016.09.031
10.1016/j.jeurceramsoc.2016.10.006
10.1016/j.jeurceramsoc.2016.10.010
10.1016/j.jeurceramsoc.2016.10.015
10.1016/j.jeurceramsoc.2016.10.020
10.1016/j.jeurceramsoc.2016.10.022
10.1016/j.jeurceramsoc.2016.10.030
10.1016/j.jeurceramsoc.2016.10.036
10.1016/j.jeurceramsoc.2016.11.010
10.1016/j.jeurceramsoc.2016.11.034
10.1016/j.jeurceramsoc.2016.11.037
10.1016/j.jeurceramsoc.2016.11.041
10.1016/j.jfma.2016.07.009
10.1016/j.jksues.2011.10.001
10.1016/j.jksues.2014.03.009
10.1016/j.jksues.2014.04.002
10.1016/j.jksues.2015.06.004
10.1016/j.jma.2013.02.004
10.1016/j.jma.2013.02.012
10.1016/j.jma.2013.08.002
10.1016/j.jma.2014.10.006
10.1016/j.jma.2014.11.007
10.1016/j.jma.2014.12.004
10.1016/j.jma.2014.12.005
10.1016/j.jma.2015.03.001
10.1016/j.jma.2015.08.001
10.1016/j.jma.2015.11.001
10.1016/j.jma.2016.04.002
10.1016/j.jma.2016.04.004
10.1016/j.jma.2016.04.006
10.1016/j.jma.2016.05.001
10.1016/j.jma.2016.06.002
10.1016/j.jma.2016.07.004
10.1016/j.jma.2016.09.001
10.1016/j.jma.2016.09.002
10.1016/j.jma.2016.09.003
10.1016/j.jma.2016.10.003
10.1016/j.jmat.2015.10.003
10.1016/j.jmat.2016.05.003
10.1016/j.jmat.2016.08.002
10.1016/j.jmatprotec.2013.04.006
10.1016/j.jmatprotec.2015.10.026
10.1016/j.jmatprotec.2016.08.031
10.1016/j.jmatprotec.2016.11.003
10.1016/j.jmbbm.2016.01.014
10.1016/j.jmmm.2008.04.020
10.1016/j.jmmm.2012.11.057
10.1016/j.jmmm.2013.02.030
10.1016/j.jmmm.2013.09.043
10.1016/j.jmmm.2014.09.049
10.1016/j.jmmm.2014.10.110
10.1016/j.jmmm.2014.12.043
10.1016/j.jmmm.2015.02.075
10.1016/j.jmmm.2015.04.072
10.1016/j.jmmm.2015.04.085
10.1016/j.jmmm.2015.04.105
10.1016/j.jmmm.2015.06.007
10.1016/j.jmmm.2015.06.008
10.1016/j.jmmm.2015.06.028
10.1016/j.jmmm.2015.06.030
10.1016/j.jmmm.2015.06.085
10.1016/j.jmmm.2015.07.003
10.1016/j.jmmm.2015.08.010
10.1016/j.jmmm.2015.08.103
10.1016/j.jmmm.2015.09.027
10.1016/j.jmmm.2015.09.029
10.1016/j.jmmm.2015.09.034
10.1016/j.jmmm.2015.09.079
10.1016/j.jmmm.2015.10.023
10.1016/j.jmmm.2015.10.077
10.1016/j.jmmm.2015.11.052
10.1016/j.jmmm.2015.12.043
10.1016/j.jmmm.2016.01.017
10.1016/j.jmmm.2016.01.018
10.1016/j.jmmm.2016.01.049
10.1016/j.jmmm.2016.01.085
10.1016/j.jmmm.2016.02.049
10.1016/j.jmmm.2016.02.081
10.1016/j.jmmm.2016.04.048
10.1016/j.jmmm.2016.05.002
10.1016/j.jmmm.2016.05.058
10.1016/j.jmmm.2016.06.020
10.1016/j.jmmm.2016.06.047
10.1016/j.jmmm.2016.06.048
10.1016/j.jmmm.2016.06.078
10.1016/j.jmmm.2016.06.091
10.1016/j.jmmm.2016.07.015
10.1016/j.jmmm.2016.07.034
10.1016/j.jmmm.2016.07.072
10.1016/j.jmmm.2016.08.026
10.1016/j.jmmm.2016.08.029
10.1016/j.jmmm.2016.09.003
10.1016/j.jmmm.2016.09.041
10.1016/j.jmmm.2016.09.068
10.1016/j.jmmm.2016.09.077
10.1016/j.jmmm.2016.10.032
10.1016/j.jmmm.2016.10.035
10.1016/j.jmmm.2016.10.043
10.1016/j.jmmm.2016.10.086
10.1016/j.jmmm.2016.10.093
10.1016/j.jmmm.2016.10.115
10.1016/j.jmmm.2016.10.126
10.1016/j.jmmm.2016.11.034
10.1016/j.jmmm.2016.11.038
10.1016/j.jmmm.2016.11.041
10.1016/j.jmmm.2016.11.045
10.1016/j.jmmm.2016.11.059
10.1016/j.jmmm.2016.11.094
10.1016/j.jmmm.2016.11.102
10.1016/j.jmrt.2013.01.003
10.1016/j.jmrt.2014.06.008
10.1016/j.jmrt.2014.10.017
10.1016/j.jmrt.2014.12.005
10.1016/j.jmrt.2015.02.004
10.1016/j.jmrt.2015.06.001
10.1016/j.jmrt.2015.10.003
10.1016/j.jmrt.2015.11.008
10.1016/j.jmrt.2015.12.001
10.1016/j.jmrt.2016.01.002
10.1016/j.jmrt.2016.01.003
10.1016/j.jnoncrysol.2010.04.006
10.1016/j.jnoncrysol.2014.05.019
10.1016/j.jnoncrysol.2015.02.024
10.1016/j.jnoncrysol.2016.02.016
10.1016/j.jnoncrysol.2016.10.015
10.1016/j.jnoncrysol.2016.11.030
10.1016/j.jpcs.2015.10.003
10.1016/j.jpcs.2015.11.009
10.1016/j.jpcs.2016.03.011
10.1016/j.jpowsour.2007.10.007
10.1016/j.jpowsour.2011.03.046
10.1016/j.jpowsour.2012.07.049
10.1016/j.jpowsour.2012.10.054
10.1016/j.jpowsour.2013.06.100
10.1016/j.jpowsour.2014.01.095
10.1016/j.jpowsour.2014.03.078
10.1016/j.jpowsour.2014.04.152
10.1016/j.jpowsour.2014.07.166
10.1016/j.jpowsour.2014.09.131
10.1016/j.jpowsour.2014.11.033
10.1016/j.jpowsour.2015.03.168
10.1016/j.jpowsour.2015.05.017
10.1016/j.jpowsour.2015.09.009
10.1016/j.jpowsour.2015.09.048
10.1016/j.jpowsour.2015.11.061
10.1016/j.jpowsour.2015.12.134
10.1016/j.jpowsour.2016.02.014
10.1016/j.jpowsour.2016.05.118
10.1016/j.jpowsour.2016.06.009
10.1016/j.jpowsour.2016.08.035
10.1016/j.jpowsour.2016.08.068
10.1016/j.jpowsour.2016.09.003
10.1016/j.jpowsour.2016.09.132
10.1016/j.jpowsour.2016.09.156
10.1016/j.jpowsour.2016.10.052
10.1016/j.jpowsour.2016.10.057
10.1016/j.jpowsour.2016.11.025
10.1016/j.jrmge.2016.09.003
10.1016/j.jscs.2016.06.003
10.1016/j.jssc.2013.01.027
10.1016/j.jssc.2016.08.015
10.1016/j.jssc.2016.08.017
10.1016/j.jssc.2016.10.011
10.1016/j.jssc.2016.12.002
10.1016/j.matchar.2003.10.004
10.1016/j.matchar.2005.07.014
10.1016/j.matchar.2007.02.014
10.1016/j.matchar.2007.04.019
10.1016/j.matchar.2007.06.002
10.1016/j.matchar.2007.07.015
10.1016/j.matchar.2007.08.012
10.1016/j.matchar.2010.11.001
10.1016/j.matchar.2010.12.003
10.1016/j.matchar.2011.02.003
10.1016/j.matchar.2011.03.006
10.1016/j.matchar.2011.03.010
10.1016/j.matchar.2011.05.013
10.1016/j.matchar.2011.08.001
10.1016/j.matchar.2012.02.010
10.1016/j.matchar.2012.06.014
10.1016/j.matchar.2012.07.006
10.1016/j.matchar.2013.03.011
10.1016/j.matchar.2013.03.016
10.1016/j.matchar.2013.04.009
10.1016/j.matchar.2013.07.015
10.1016/j.matchar.2013.08.010
10.1016/j.matchar.2013.09.011
10.1016/j.matchar.2016.10.017
10.1016/j.matchar.2016.11.015
10.1016/j.matchemphys.2008.06.041
10.1016/j.matchemphys.2008.10.015
10.1016/j.matchemphys.2010.06.055
10.1016/j.matchemphys.2012.02.059
10.1016/j.matchemphys.2012.06.054
10.1016/j.matchemphys.2013.01.002
10.1016/j.matchemphys.2013.05.070
10.1016/j.matchemphys.2014.11.051
10.1016/j.matchemphys.2015.02.047
10.1016/j.matchemphys.2015.03.045
10.1016/j.matchemphys.2015.05.027
10.1016/j.matchemphys.2015.09.001
10.1016/j.matchemphys.2015.09.025
10.1016/j.matchemphys.2015.09.043
10.1016/j.matchemphys.2015.10.014
10.1016/j.matchemphys.2015.12.001
10.1016/j.matchemphys.2016.02.028
10.1016/j.matchemphys.2016.02.033
10.1016/j.matchemphys.2016.02.041
10.1016/j.matchemphys.2016.02.076
10.1016/j.matchemphys.2016.03.001
10.1016/j.matchemphys.2016.04.009
10.1016/j.matchemphys.2016.04.061
10.1016/j.matchemphys.2016.04.077
10.1016/j.matchemphys.2016.04.078
10.1016/j.matchemphys.2016.05.016
10.1016/j.matchemphys.2016.05.033
10.1016/j.matchemphys.2016.06.015
10.1016/j.matchemphys.2016.06.016
10.1016/j.matchemphys.2016.06.055
10.1016/j.matchemphys.2016.06.072
10.1016/j.matchemphys.2016.06.087
10.1016/j.matchemphys.2016.07.036
10.1016/j.matchemphys.2016.07.062
10.1016/j.matchemphys.2016.08.029
10.1016/j.matchemphys.2016.09.008
10.1016/j.matchemphys.2016.09.029
10.1016/j.matchemphys.2016.09.040
10.1016/j.matchemphys.2016.09.057
10.1016/j.matchemphys.2016.09.061
10.1016/j.matchemphys.2016.10.013
10.1016/j.matchemphys.2016.11.030
10.1016/j.matchemphys.2016.11.033
10.1016/j.matchemphys.2016.11.060
10.1016/j.matchemphys.2016.12.001
10.1016/j.matchemphys.2016.12.002
10.1016/j.matdes.2015.08.096
10.1016/j.matdes.2016.08.010
10.1016/j.matdes.2016.10.031
10.1016/j.materresbull.2011.02.035
10.1016/j.materresbull.2011.11.038
10.1016/j.materresbull.2012.09.005
10.1016/j.materresbull.2013.08.059
10.1016/j.materresbull.2014.12.039
10.1016/j.materresbull.2015.09.021
10.1016/j.materresbull.2015.09.029
10.1016/j.materresbull.2015.12.022
10.1016/j.materresbull.2016.01.008
10.1016/j.materresbull.2016.07.004
10.1016/j.materresbull.2016.07.027
10.1016/j.materresbull.2016.11.006
10.1016/j.matlet.2005.03.065
10.1016/j.matlet.2009.06.032
10.1016/j.matlet.2009.09.037
10.1016/j.matlet.2010.04.033
10.1016/j.matlet.2010.05.011
10.1016/j.matlet.2011.03.104
10.1016/j.matlet.2011.05.027
10.1016/j.matlet.2011.06.093
10.1016/j.matlet.2011.08.100
10.1016/j.matlet.2011.09.032
10.1016/j.matlet.2011.10.062
10.1016/j.matlet.2011.10.091
10.1016/j.matlet.2012.01.092
10.1016/j.matlet.2012.01.141
10.1016/j.matlet.2012.02.032
10.1016/j.matlet.2012.04.116
10.1016/j.matlet.2012.05.118
10.1016/j.matlet.2012.06.013
10.1016/j.matlet.2012.06.044
10.1016/j.matlet.2012.08.074
10.1016/j.matlet.2012.08.130
10.1016/j.matlet.2012.09.040
10.1016/j.matlet.2012.10.046
10.1016/j.matlet.2012.11.035
10.1016/j.matlet.2012.11.120
10.1016/j.matlet.2013.02.027
10.1016/j.matlet.2013.02.028
10.1016/j.matlet.2013.02.033
10.1016/j.matlet.2013.02.114
10.1016/j.matlet.2013.06.112
10.1016/j.matlet.2013.07.016
10.1016/j.matlet.2013.08.056
10.1016/j.matlet.2013.09.103
10.1016/j.matlet.2013.10.082
10.1016/j.matlet.2013.10.109
10.1016/j.matlet.2013.11.046
10.1016/j.matlet.2013.11.108
10.1016/j.matlet.2013.12.086
10.1016/j.matlet.2013.12.087
10.1016/j.matlet.2014.01.096
10.1016/j.matlet.2014.01.165
10.1016/j.matlet.2014.03.018
10.1016/j.matlet.2014.03.121
10.1016/j.matlet.2014.03.143
10.1016/j.matlet.2014.03.164
10.1016/j.matlet.2014.04.146
10.1016/j.matlet.2014.05.029
10.1016/j.matlet.2014.05.081
10.1016/j.matlet.2014.05.215
10.1016/j.matlet.2014.06.017
10.1016/j.matlet.2014.06.063
10.1016/j.matlet.2014.06.129
10.1016/j.matlet.2014.06.146
10.1016/j.matlet.2014.08.008
10.1016/j.matlet.2014.08.036
10.1016/j.matlet.2014.09.020
10.1016/j.matlet.2014.09.042
10.1016/j.matlet.2014.10.163
10.1016/j.matlet.2014.11.058
10.1016/j.matlet.2014.11.156
10.1016/j.matlet.2014.12.025
10.1016/j.matlet.2014.12.030
10.1016/j.matlet.2015.01.126
10.1016/j.matlet.2015.01.133
10.1016/j.matlet.2015.02.044
10.1016/j.matlet.2015.02.117
10.1016/j.matlet.2015.03.010
10.1016/j.matlet.2015.03.050
10.1016/j.matlet.2015.03.056
10.1016/j.matlet.2015.03.063
10.1016/j.matlet.2015.03.101
10.1016/j.matlet.2015.04.098
10.1016/j.matlet.2015.04.128
10.1016/j.matlet.2015.05.061
10.1016/j.matlet.2015.05.074
10.1016/j.matlet.2015.05.076
10.1016/j.matlet.2015.05.150
10.1016/j.matlet.2015.05.159
10.1016/j.matlet.2015.06.017
10.1016/j.matlet.2015.06.026
10.1016/j.matlet.2015.06.058
10.1016/j.matlet.2015.06.065
10.1016/j.matlet.2015.06.067
10.1016/j.matlet.2015.06.081
10.1016/j.matlet.2015.07.127
10.1016/j.matlet.2015.07.143
10.1016/j.matlet.2015.08.025
10.1016/j.matlet.2015.08.124
10.1016/j.matlet.2015.08.142
10.1016/j.matlet.2015.09.056
10.1016/j.matlet.2015.09.095
10.1016/j.matlet.2015.09.107
10.1016/j.matlet.2015.09.139
10.1016/j.matlet.2015.10.035
10.1016/j.matlet.2015.10.045
10.1016/j.matlet.2015.10.048
10.1016/j.matlet.2015.10.071
10.1016/j.matlet.2015.10.091
10.1016/j.matlet.2015.10.122
10.1016/j.matlet.2015.10.136
10.1016/j.matlet.2015.10.154
10.1016/j.matlet.2015.10.171
10.1016/j.matlet.2015.11.016
10.1016/j.matlet.2015.11.024
10.1016/j.matlet.2015.11.097
10.1016/j.matlet.2015.11.100
10.1016/j.matlet.2015.12.034
10.1016/j.matlet.2015.12.056
10.1016/j.matlet.2015.12.070
10.1016/j.matlet.2015.12.076
10.1016/j.matlet.2015.12.079
10.1016/j.matlet.2015.12.122
10.1016/j.matlet.2016.01.100
10.1016/j.matlet.2016.01.142
10.1016/j.matlet.2016.02.013
10.1016/j.matlet.2016.02.069
10.1016/j.matlet.2016.02.143
10.1016/j.matlet.2016.02.146
10.1016/j.matlet.2016.02.159
10.1016/j.matlet.2016.03.008
10.1016/j.matlet.2016.03.092
10.1016/j.matlet.2016.03.095
10.1016/j.matlet.2016.04.002
10.1016/j.matlet.2016.04.013
10.1016/j.matlet.2016.04.022
10.1016/j.matlet.2016.04.025
10.1016/j.matlet.2016.04.030
10.1016/j.matlet.2016.04.031
10.1016/j.matlet.2016.04.032
10.1016/j.matlet.2016.04.043
10.1016/j.matlet.2016.04.064
10.1016/j.matlet.2016.04.096
10.1016/j.matlet.2016.04.102
10.1016/j.matlet.2016.04.118
10.1016/j.matlet.2016.04.132
10.1016/j.matlet.2016.04.196
10.1016/j.matlet.2016.04.207
10.1016/j.matlet.2016.05.023
10.1016/j.matlet.2016.05.038
10.1016/j.matlet.2016.05.052
10.1016/j.matlet.2016.05.055
10.1016/j.matlet.2016.05.064
10.1016/j.matlet.2016.05.091
10.1016/j.matlet.2016.05.102
10.1016/j.matlet.2016.05.110
10.1016/j.matlet.2016.05.149
10.1016/j.matlet.2016.05.157
10.1016/j.matlet.2016.05.161
10.1016/j.matlet.2016.05.188
10.1016/j.matlet.2016.06.009
10.1016/j.matlet.2016.06.021
10.1016/j.matlet.2016.06.051
10.1016/j.matlet.2016.06.071
10.1016/j.matlet.2016.06.085
10.1016/j.matlet.2016.06.091
10.1016/j.matlet.2016.06.109
10.1016/j.matlet.2016.07.020
10.1016/j.matlet.2016.07.033
10.1016/j.matlet.2016.07.100
10.1016/j.matlet.2016.07.139
10.1016/j.matlet.2016.07.152
10.1016/j.matlet.2016.08.032
10.1016/j.matlet.2016.08.039
10.1016/j.matlet.2016.08.045
10.1016/j.matlet.2016.08.049
10.1016/j.matlet.2016.08.062
10.1016/j.matlet.2016.08.080
10.1016/j.matlet.2016.08.089
10.1016/j.matlet.2016.08.096
10.1016/j.matlet.2016.08.105
10.1016/j.matlet.2016.08.119
10.1016/j.matlet.2016.08.129
10.1016/j.matlet.2016.08.138
10.1016/j.matlet.2016.08.139
10.1016/j.matlet.2016.09.013
10.1016/j.matlet.2016.09.015
10.1016/j.matlet.2016.09.020
10.1016/j.matlet.2016.09.032
10.1016/j.matlet.2016.09.038
10.1016/j.matlet.2016.09.046
10.1016/j.matlet.2016.09.047
10.1016/j.matlet.2016.09.055
10.1016/j.matlet.2016.09.079
10.1016/j.matlet.2016.09.080
10.1016/j.matlet.2016.09.082
10.1016/j.matlet.2016.09.092
10.1016/j.matlet.2016.09.097
10.1016/j.matlet.2016.09.114
10.1016/j.matlet.2016.09.116
10.1016/j.matlet.2016.09.124
10.1016/j.matlet.2016.09.131
10.1016/j.matlet.2016.10.006
10.1016/j.matlet.2016.10.010
10.1016/j.matlet.2016.10.020
10.1016/j.matlet.2016.10.031
10.1016/j.matlet.2016.10.032
10.1016/j.matlet.2016.10.034
10.1016/j.matlet.2016.10.037
10.1016/j.matlet.2016.10.045
10.1016/j.matlet.2016.10.057
10.1016/j.matlet.2016.10.103
10.1016/j.matlet.2016.10.109
10.1016/j.matlet.2016.11.002
10.1016/j.matlet.2016.11.020
10.1016/j.matlet.2016.11.032
10.1016/j.matlet.2016.11.037
10.1016/j.matlet.2016.11.042
10.1016/j.matlet.2016.11.065
10.1016/j.matlet.2016.11.095
10.1016/j.matpr.2014.09.002
10.1016/j.matpr.2015.05.011
10.1016/j.matpr.2015.05.016
10.1016/j.matpr.2015.05.017
10.1016/j.matpr.2015.05.062
10.1016/j.matpr.2015.07.339
10.1016/j.matpr.2015.07.344
10.1016/j.matpr.2015.07.362
10.1016/j.matpr.2015.07.374
10.1016/j.matpr.2015.07.375
10.1016/j.matpr.2015.07.378
10.1016/j.matpr.2016.02.032
10.1016/j.mattod.2013.03.021
10.1016/j.mechmat.2016.04.001
10.1016/j.memsci.2010.07.044
10.1016/j.memsci.2010.07.051
10.1016/j.memsci.2013.10.027
10.1016/j.memsci.2015.06.022
10.1016/j.micromeso.2015.04.004
10.1016/j.micron.2012.03.001
10.1016/j.mineng.2016.01.001
10.1016/j.mri.2016.12.004
10.1016/j.msea.2003.08.061
10.1016/j.msea.2003.10.095
10.1016/j.msea.2003.10.305
10.1016/j.msea.2004.05.019
10.1016/j.msea.2004.07.062
10.1016/j.msea.2004.08.076
10.1016/j.msea.2005.12.007
10.1016/j.msea.2006.04.148
10.1016/j.msea.2006.06.140
10.1016/j.msea.2006.12.179
10.1016/j.msea.2007.01.077
10.1016/j.msea.2007.02.064
10.1016/j.msea.2007.02.108
10.1016/j.msea.2007.03.082
10.1016/j.msea.2007.03.083
10.1016/j.msea.2007.04.062
10.1016/j.msea.2007.09.068
10.1016/j.msea.2007.09.071
10.1016/j.msea.2007.10.066
10.1016/j.msea.2007.10.087
10.1016/j.msea.2008.01.031
10.1016/j.msea.2008.02.043
10.1016/j.msea.2008.04.017
10.1016/j.msea.2008.04.030
10.1016/j.msea.2008.05.009
10.1016/j.msea.2008.06.006
10.1016/j.msea.2008.09.076
10.1016/j.msea.2009.01.050
10.1016/j.msea.2009.01.066
10.1016/j.msea.2009.03.021
10.1016/j.msea.2009.05.058
10.1016/j.msea.2009.05.068
10.1016/j.msea.2009.06.057
10.1016/j.msea.2009.09.003
10.1016/j.msea.2009.10.068
10.1016/j.msea.2009.11.014
10.1016/j.msea.2009.11.036
10.1016/j.msea.2009.11.043
10.1016/j.msea.2009.11.065
10.1016/j.msea.2009.11.067
10.1016/j.msea.2010.02.009
10.1016/j.msea.2010.02.037
10.1016/j.msea.2010.03.066
10.1016/j.msea.2010.03.074
10.1016/j.msea.2010.04.012
10.1016/j.msea.2010.04.057
10.1016/j.msea.2010.04.069
10.1016/j.msea.2010.04.082
10.1016/j.msea.2010.05.015
10.1016/j.msea.2010.05.056
10.1016/j.msea.2010.06.013
10.1016/j.msea.2010.06.027
10.1016/j.msea.2010.06.050
10.1016/j.msea.2010.06.092
10.1016/j.msea.2010.07.018
10.1016/j.msea.2010.10.028
10.1016/j.msea.2010.10.070
10.1016/j.msea.2010.11.034
10.1016/j.msea.2010.11.082
10.1016/j.msea.2010.11.087
10.1016/j.msea.2010.12.002
10.1016/j.msea.2010.12.006
10.1016/j.msea.2010.12.044
10.1016/j.msea.2010.12.046
10.1016/j.msea.2010.12.068
10.1016/j.msea.2011.01.083
10.1016/j.msea.2011.02.032
10.1016/j.msea.2011.02.077
10.1016/j.msea.2011.03.039
10.1016/j.msea.2011.03.098
10.1016/j.msea.2011.04.016
10.1016/j.msea.2011.06.005
10.1016/j.msea.2011.06.046
10.1016/j.msea.2011.07.032
10.1016/j.msea.2011.07.037
10.1016/j.msea.2011.07.041
10.1016/j.msea.2011.07.053
10.1016/j.msea.2011.07.067
10.1016/j.msea.2011.08.050
10.1016/j.msea.2011.09.034
10.1016/j.msea.2011.09.067
10.1016/j.msea.2011.09.073
10.1016/j.msea.2011.09.087
10.1016/j.msea.2011.09.109
10.1016/j.msea.2011.10.011
10.1016/j.msea.2011.10.069
10.1016/j.msea.2011.10.083
10.1016/j.msea.2011.10.095
10.1016/j.msea.2011.11.033
10.1016/j.msea.2011.11.063
10.1016/j.msea.2011.11.068
10.1016/j.msea.2011.11.092
10.1016/j.msea.2011.12.006
10.1016/j.msea.2011.12.032
10.1016/j.msea.2011.12.090
10.1016/j.msea.2011.12.102
10.1016/j.msea.2012.01.035
10.1016/j.msea.2012.01.065
10.1016/j.msea.2012.02.002
10.1016/j.msea.2012.02.006
10.1016/j.msea.2012.02.024
10.1016/j.msea.2012.02.057
10.1016/j.msea.2012.03.021
10.1016/j.msea.2012.03.030
10.1016/j.msea.2012.03.041
10.1016/j.msea.2012.03.072
10.1016/j.msea.2012.04.027
10.1016/j.msea.2012.04.040
10.1016/j.msea.2012.04.096
10.1016/j.msea.2012.04.103
10.1016/j.msea.2012.04.107
10.1016/j.msea.2012.05.002
10.1016/j.msea.2012.05.060
10.1016/j.msea.2012.05.092
10.1016/j.msea.2012.06.006
10.1016/j.msea.2012.06.045
10.1016/j.msea.2012.06.062
10.1016/j.msea.2012.06.063
10.1016/j.msea.2012.06.076
10.1016/j.msea.2012.07.055
10.1016/j.msea.2012.07.071
10.1016/j.msea.2012.07.084
10.1016/j.msea.2012.07.105
10.1016/j.msea.2012.07.113
10.1016/j.msea.2012.07.115
10.1016/j.msea.2012.08.079
10.1016/j.msea.2012.08.116
10.1016/j.msea.2012.08.138
10.1016/j.msea.2012.08.139
10.1016/j.msea.2012.08.147
10.1016/j.msea.2012.09.005
10.1016/j.msea.2012.09.036
10.1016/j.msea.2012.09.048
10.1016/j.msea.2012.09.092
10.1016/j.msea.2012.09.102
10.1016/j.msea.2012.10.011
10.1016/j.msea.2012.10.012
10.1016/j.msea.2012.10.036
10.1016/j.msea.2012.10.068
10.1016/j.msea.2012.10.089
10.1016/j.msea.2012.11.033
10.1016/j.msea.2012.11.042
10.1016/j.msea.2012.11.048
10.1016/j.msea.2012.11.050
10.1016/j.msea.2012.11.109
10.1016/j.msea.2012.11.120
10.1016/j.msea.2012.11.123
10.1016/j.msea.2012.12.046
10.1016/j.msea.2013.01.024
10.1016/j.msea.2013.01.037
10.1016/j.msea.2013.01.056
10.1016/j.msea.2013.02.005
10.1016/j.msea.2013.02.006
10.1016/j.msea.2013.02.026
10.1016/j.msea.2013.02.034
10.1016/j.msea.2013.02.064
10.1016/j.msea.2013.03.017
10.1016/j.msea.2013.03.024
10.1016/j.msea.2013.03.027
10.1016/j.msea.2013.03.036
10.1016/j.msea.2013.03.047
10.1016/j.msea.2013.03.057
10.1016/j.msea.2013.03.058
10.1016/j.msea.2013.03.075
10.1016/j.msea.2013.03.091
10.1016/j.msea.2013.04.038
10.1016/j.msea.2013.04.051
10.1016/j.msea.2013.04.099
10.1016/j.msea.2013.05.020
10.1016/j.msea.2013.05.039
10.1016/j.msea.2013.05.054
10.1016/j.msea.2013.06.003
10.1016/j.msea.2013.06.018
10.1016/j.msea.2013.06.054
10.1016/j.msea.2013.06.069
10.1016/j.msea.2013.06.075
10.1016/j.msea.2013.07.019
10.1016/j.msea.2013.07.021
10.1016/j.msea.2013.07.040
10.1016/j.msea.2013.07.055
10.1016/j.msea.2013.07.090
10.1016/j.msea.2013.07.092
10.1016/j.msea.2013.08.032
10.1016/j.msea.2013.08.035
10.1016/j.msea.2013.08.047
10.1016/j.msea.2013.08.068
10.1016/j.msea.2013.09.011
10.1016/j.msea.2013.09.012
10.1016/j.msea.2013.09.015
10.1016/j.msea.2013.09.020
10.1016/j.msea.2013.09.026
10.1016/j.msea.2013.09.037
10.1016/j.msea.2013.09.070
10.1016/j.msea.2013.10.005
10.1016/j.msea.2013.10.006
10.1016/j.msea.2013.10.013
10.1016/j.msea.2013.10.029
10.1016/j.msea.2013.10.080
10.1016/j.msea.2013.10.087
10.1016/j.msea.2013.10.089
10.1016/j.msea.2013.11.026
10.1016/j.msea.2013.11.034
10.1016/j.msea.2013.11.052
10.1016/j.msea.2013.11.059
10.1016/j.msea.2013.12.007
10.1016/j.msea.2013.12.014
10.1016/j.msea.2013.12.026
10.1016/j.msea.2013.12.045
10.1016/j.msea.2013.12.079
10.1016/j.msea.2013.12.087
10.1016/j.msea.2013.12.089
10.1016/j.msea.2014.01.005
10.1016/j.msea.2014.01.007
10.1016/j.msea.2014.01.013
10.1016/j.msea.2014.01.015
10.1016/j.msea.2014.01.023
10.1016/j.msea.2014.01.052
10.1016/j.msea.2014.01.054
10.1016/j.msea.2014.01.060
10.1016/j.msea.2014.01.067
10.1016/j.msea.2014.01.071
10.1016/j.msea.2014.01.077
10.1016/j.msea.2014.01.086
10.1016/j.msea.2014.01.100
10.1016/j.msea.2014.02.004
10.1016/j.msea.2014.02.016
10.1016/j.msea.2014.02.018
10.1016/j.msea.2014.02.043
10.1016/j.msea.2014.02.046
10.1016/j.msea.2014.02.047
10.1016/j.msea.2014.03.036
10.1016/j.msea.2014.03.040
10.1016/j.msea.2014.03.048
10.1016/j.msea.2014.03.052
10.1016/j.msea.2014.03.062
10.1016/j.msea.2014.03.074
10.1016/j.msea.2014.03.084
10.1016/j.msea.2014.03.091
10.1016/j.msea.2014.03.103
10.1016/j.msea.2014.03.133
10.1016/j.msea.2014.04.016
10.1016/j.msea.2014.04.019
10.1016/j.msea.2014.04.024
10.1016/j.msea.2014.04.026
10.1016/j.msea.2014.04.027
10.1016/j.msea.2014.04.030
10.1016/j.msea.2014.04.032
10.1016/j.msea.2014.04.034
10.1016/j.msea.2014.04.044
10.1016/j.msea.2014.04.056
10.1016/j.msea.2014.04.084
10.1016/j.msea.2014.04.091
10.1016/j.msea.2014.04.113
10.1016/j.msea.2014.05.004
10.1016/j.msea.2014.05.010
10.1016/j.msea.2014.05.029
10.1016/j.msea.2014.05.035
10.1016/j.msea.2014.05.046
10.1016/j.msea.2014.05.061
10.1016/j.msea.2014.05.063
10.1016/j.msea.2014.05.064
10.1016/j.msea.2014.05.068
10.1016/j.msea.2014.05.070
10.1016/j.msea.2014.05.087
10.1016/j.msea.2014.05.090
10.1016/j.msea.2014.06.006
10.1016/j.msea.2014.06.009
10.1016/j.msea.2014.06.016
10.1016/j.msea.2014.06.021
10.1016/j.msea.2014.06.022
10.1016/j.msea.2014.06.023
10.1016/j.msea.2014.06.031
10.1016/j.msea.2014.06.057
10.1016/j.msea.2014.06.106
10.1016/j.msea.2014.06.117
10.1016/j.msea.2014.07.023
10.1016/j.msea.2014.07.032
10.1016/j.msea.2014.07.036
10.1016/j.msea.2014.07.068
10.1016/j.msea.2014.07.092
10.1016/j.msea.2014.07.093
10.1016/j.msea.2014.07.105
10.1016/j.msea.2014.08.009
10.1016/j.msea.2014.08.033
10.1016/j.msea.2014.08.073
10.1016/j.msea.2014.08.085
10.1016/j.msea.2014.09.009
10.1016/j.msea.2014.09.016
10.1016/j.msea.2014.09.018
10.1016/j.msea.2014.09.023
10.1016/j.msea.2014.09.024
10.1016/j.msea.2014.09.035
10.1016/j.msea.2014.09.048
10.1016/j.msea.2014.09.052
10.1016/j.msea.2014.09.053
10.1016/j.msea.2014.09.057
10.1016/j.msea.2014.09.063
10.1016/j.msea.2014.09.091
10.1016/j.msea.2014.09.098
10.1016/j.msea.2014.09.104
10.1016/j.msea.2014.09.112
10.1016/j.msea.2014.10.001
10.1016/j.msea.2014.10.014
10.1016/j.msea.2014.10.022
10.1016/j.msea.2014.10.028
10.1016/j.msea.2014.10.034
10.1016/j.msea.2014.10.043
10.1016/j.msea.2014.10.045
10.1016/j.msea.2014.10.047
10.1016/j.msea.2014.10.076
10.1016/j.msea.2014.10.079
10.1016/j.msea.2014.10.082
10.1016/j.msea.2014.11.001
10.1016/j.msea.2014.11.005
10.1016/j.msea.2014.11.015
10.1016/j.msea.2014.11.033
10.1016/j.msea.2014.11.035
10.1016/j.msea.2014.11.037
10.1016/j.msea.2014.11.041
10.1016/j.msea.2014.11.042
10.1016/j.msea.2014.11.044
10.1016/j.msea.2014.11.047
10.1016/j.msea.2014.11.050
10.1016/j.msea.2014.11.052
10.1016/j.msea.2014.11.053
10.1016/j.msea.2014.11.054
10.1016/j.msea.2014.11.076
10.1016/j.msea.2014.11.079
10.1016/j.msea.2014.11.081
10.1016/j.msea.2014.11.095
10.1016/j.msea.2014.12.005
10.1016/j.msea.2014.12.014
10.1016/j.msea.2014.12.026
10.1016/j.msea.2014.12.069
10.1016/j.msea.2014.12.073
10.1016/j.msea.2014.12.078
10.1016/j.msea.2014.12.087
10.1016/j.msea.2014.12.109
10.1016/j.msea.2014.12.120
10.1016/j.msea.2014.12.121
10.1016/j.msea.2015.01.012
10.1016/j.msea.2015.01.021
10.1016/j.msea.2015.01.034
10.1016/j.msea.2015.01.061
10.1016/j.msea.2015.01.063
10.1016/j.msea.2015.01.073
10.1016/j.msea.2015.01.077
10.1016/j.msea.2015.01.081
10.1016/j.msea.2015.02.001
10.1016/j.msea.2015.02.015
10.1016/j.msea.2015.02.016
10.1016/j.msea.2015.02.025
10.1016/j.msea.2015.02.029
10.1016/j.msea.2015.02.030
10.1016/j.msea.2015.02.034
10.1016/j.msea.2015.02.037
10.1016/j.msea.2015.02.040
10.1016/j.msea.2015.02.051
10.1016/j.msea.2015.03.003
10.1016/j.msea.2015.03.009
10.1016/j.msea.2015.03.013
10.1016/j.msea.2015.03.028
10.1016/j.msea.2015.03.035
10.1016/j.msea.2015.03.039
10.1016/j.msea.2015.03.041
10.1016/j.msea.2015.03.058
10.1016/j.msea.2015.03.066
10.1016/j.msea.2015.03.069
10.1016/j.msea.2015.03.086
10.1016/j.msea.2015.03.093
10.1016/j.msea.2015.03.097
10.1016/j.msea.2015.03.102
10.1016/j.msea.2015.03.103
10.1016/j.msea.2015.03.108
10.1016/j.msea.2015.04.005
10.1016/j.msea.2015.04.011
10.1016/j.msea.2015.04.014
10.1016/j.msea.2015.04.018
10.1016/j.msea.2015.04.020
10.1016/j.msea.2015.04.021
10.1016/j.msea.2015.04.031
10.1016/j.msea.2015.04.032
10.1016/j.msea.2015.04.036
10.1016/j.msea.2015.04.042
10.1016/j.msea.2015.04.044
10.1016/j.msea.2015.04.048
10.1016/j.msea.2015.04.056
10.1016/j.msea.2015.04.057
10.1016/j.msea.2015.04.058
10.1016/j.msea.2015.04.062
10.1016/j.msea.2015.04.064
10.1016/j.msea.2015.04.068
10.1016/j.msea.2015.04.085
10.1016/j.msea.2015.04.096
10.1016/j.msea.2015.04.098
10.1016/j.msea.2015.05.005
10.1016/j.msea.2015.05.018
10.1016/j.msea.2015.05.020
10.1016/j.msea.2015.05.033
10.1016/j.msea.2015.05.035
10.1016/j.msea.2015.05.041
10.1016/j.msea.2015.05.045
10.1016/j.msea.2015.05.048
10.1016/j.msea.2015.05.054
10.1016/j.msea.2015.05.059
10.1016/j.msea.2015.05.062
10.1016/j.msea.2015.05.069
10.1016/j.msea.2015.05.071
10.1016/j.msea.2015.05.076
10.1016/j.msea.2015.05.082
10.1016/j.msea.2015.05.087
10.1016/j.msea.2015.05.094
10.1016/j.msea.2015.05.097
10.1016/j.msea.2015.05.099
10.1016/j.msea.2015.06.016
10.1016/j.msea.2015.06.017
10.1016/j.msea.2015.06.021
10.1016/j.msea.2015.06.022
10.1016/j.msea.2015.06.028
10.1016/j.msea.2015.06.033
10.1016/j.msea.2015.06.036
10.1016/j.msea.2015.06.040
10.1016/j.msea.2015.06.043
10.1016/j.msea.2015.06.050
10.1016/j.msea.2015.06.066
10.1016/j.msea.2015.06.068
10.1016/j.msea.2015.06.074
10.1016/j.msea.2015.06.078
10.1016/j.msea.2015.06.080
10.1016/j.msea.2015.06.086
10.1016/j.msea.2015.07.022
10.1016/j.msea.2015.07.028
10.1016/j.msea.2015.07.035
10.1016/j.msea.2015.07.041
10.1016/j.msea.2015.07.053
10.1016/j.msea.2015.07.059
10.1016/j.msea.2015.07.064
10.1016/j.msea.2015.07.068
10.1016/j.msea.2015.07.069
10.1016/j.msea.2015.07.092
10.1016/j.msea.2015.07.095
10.1016/j.msea.2015.08.007
10.1016/j.msea.2015.08.008
10.1016/j.msea.2015.08.011
10.1016/j.msea.2015.08.016
10.1016/j.msea.2015.08.032
10.1016/j.msea.2015.08.046
10.1016/j.msea.2015.08.051
10.1016/j.msea.2015.08.052
10.1016/j.msea.2015.08.065
10.1016/j.msea.2015.08.067
10.1016/j.msea.2015.08.087
10.1016/j.msea.2015.09.005
10.1016/j.msea.2015.09.006
10.1016/j.msea.2015.09.018
10.1016/j.msea.2015.09.024
10.1016/j.msea.2015.09.030
10.1016/j.msea.2015.09.046
10.1016/j.msea.2015.09.047
10.1016/j.msea.2015.09.052
10.1016/j.msea.2015.09.054
10.1016/j.msea.2015.09.060
10.1016/j.msea.2015.09.065
10.1016/j.msea.2015.09.069
10.1016/j.msea.2015.09.077
10.1016/j.msea.2015.09.080
10.1016/j.msea.2015.09.095
10.1016/j.msea.2015.09.096
10.1016/j.msea.2015.09.106
10.1016/j.msea.2015.10.010
10.1016/j.msea.2015.10.012
10.1016/j.msea.2015.10.015
10.1016/j.msea.2015.10.019
10.1016/j.msea.2015.10.021
10.1016/j.msea.2015.10.023
10.1016/j.msea.2015.10.025
10.1016/j.msea.2015.10.029
10.1016/j.msea.2015.10.035
10.1016/j.msea.2015.10.038
10.1016/j.msea.2015.10.046
10.1016/j.msea.2015.10.048
10.1016/j.msea.2015.10.050
10.1016/j.msea.2015.10.056
10.1016/j.msea.2015.10.058
10.1016/j.msea.2015.10.061
10.1016/j.msea.2015.10.066
10.1016/j.msea.2015.10.067
10.1016/j.msea.2015.10.071
10.1016/j.msea.2015.10.079
10.1016/j.msea.2015.10.083
10.1016/j.msea.2015.10.092
10.1016/j.msea.2015.10.097
10.1016/j.msea.2015.10.099
10.1016/j.msea.2015.10.106
10.1016/j.msea.2015.10.119
10.1016/j.msea.2015.10.120
10.1016/j.msea.2015.10.122
10.1016/j.msea.2015.11.002
10.1016/j.msea.2015.11.004
10.1016/j.msea.2015.11.005
10.1016/j.msea.2015.11.012
10.1016/j.msea.2015.11.018
10.1016/j.msea.2015.11.019
10.1016/j.msea.2015.11.020
10.1016/j.msea.2015.11.025
10.1016/j.msea.2015.11.038
10.1016/j.msea.2015.11.045
10.1016/j.msea.2015.11.052
10.1016/j.msea.2015.11.053
10.1016/j.msea.2015.11.056
10.1016/j.msea.2015.11.057
10.1016/j.msea.2015.11.059
10.1016/j.msea.2015.11.065
10.1016/j.msea.2015.11.066
10.1016/j.msea.2015.11.071
10.1016/j.msea.2015.11.079
10.1016/j.msea.2015.11.080
10.1016/j.msea.2015.11.081
10.1016/j.msea.2015.11.085
10.1016/j.msea.2015.11.089
10.1016/j.msea.2015.11.093
10.1016/j.msea.2015.11.102
10.1016/j.msea.2015.12.001
10.1016/j.msea.2015.12.004
10.1016/j.msea.2015.12.009
10.1016/j.msea.2015.12.019
10.1016/j.msea.2015.12.020
10.1016/j.msea.2015.12.021
10.1016/j.msea.2015.12.029
10.1016/j.msea.2015.12.030
10.1016/j.msea.2015.12.031
10.1016/j.msea.2015.12.032
10.1016/j.msea.2015.12.034
10.1016/j.msea.2015.12.035
10.1016/j.msea.2015.12.036
10.1016/j.msea.2015.12.037
10.1016/j.msea.2015.12.040
10.1016/j.msea.2015.12.041
10.1016/j.msea.2015.12.042
10.1016/j.msea.2015.12.044
10.1016/j.msea.2015.12.049
10.1016/j.msea.2015.12.056
10.1016/j.msea.2015.12.059
10.1016/j.msea.2015.12.082
10.1016/j.msea.2015.12.086
10.1016/j.msea.2015.12.089
10.1016/j.msea.2015.12.091
10.1016/j.msea.2015.12.098
10.1016/j.msea.2015.12.101
10.1016/j.msea.2015.12.104
10.1016/j.msea.2016.01.002
10.1016/j.msea.2016.01.005
10.1016/j.msea.2016.01.009
10.1016/j.msea.2016.01.010
10.1016/j.msea.2016.01.018
10.1016/j.msea.2016.01.019
10.1016/j.msea.2016.01.021
10.1016/j.msea.2016.01.023
10.1016/j.msea.2016.01.024
10.1016/j.msea.2016.01.034
10.1016/j.msea.2016.01.037
10.1016/j.msea.2016.01.043
10.1016/j.msea.2016.01.052
10.1016/j.msea.2016.01.056
10.1016/j.msea.2016.01.057
10.1016/j.msea.2016.01.058
10.1016/j.msea.2016.01.059
10.1016/j.msea.2016.01.060
10.1016/j.msea.2016.01.061
10.1016/j.msea.2016.01.062
10.1016/j.msea.2016.01.063
10.1016/j.msea.2016.01.065
10.1016/j.msea.2016.01.066
10.1016/j.msea.2016.01.068
10.1016/j.msea.2016.01.082
10.1016/j.msea.2016.01.085
10.1016/j.msea.2016.01.086
10.1016/j.msea.2016.01.088
10.1016/j.msea.2016.01.090
10.1016/j.msea.2016.01.091
10.1016/j.msea.2016.01.093
10.1016/j.msea.2016.01.094
10.1016/j.msea.2016.01.112
10.1016/j.msea.2016.01.118
10.1016/j.msea.2016.02.001
10.1016/j.msea.2016.02.002
10.1016/j.msea.2016.02.004
10.1016/j.msea.2016.02.011
10.1016/j.msea.2016.02.021
10.1016/j.msea.2016.02.022
10.1016/j.msea.2016.02.023
10.1016/j.msea.2016.02.035
10.1016/j.msea.2016.02.037
10.1016/j.msea.2016.02.038
10.1016/j.msea.2016.02.052
10.1016/j.msea.2016.02.053
10.1016/j.msea.2016.02.055
10.1016/j.msea.2016.02.058
10.1016/j.msea.2016.02.063
10.1016/j.msea.2016.02.068
10.1016/j.msea.2016.02.069
10.1016/j.msea.2016.02.070
10.1016/j.msea.2016.02.071
10.1016/j.msea.2016.02.073
10.1016/j.msea.2016.02.074
10.1016/j.msea.2016.02.075
10.1016/j.msea.2016.02.079
10.1016/j.msea.2016.02.083
10.1016/j.msea.2016.02.088
10.1016/j.msea.2016.02.089
10.1016/j.msea.2016.02.090
10.1016/j.msea.2016.03.006
10.1016/j.msea.2016.03.012
10.1016/j.msea.2016.03.016
10.1016/j.msea.2016.03.019
10.1016/j.msea.2016.03.020
10.1016/j.msea.2016.03.022
10.1016/j.msea.2016.03.027
10.1016/j.msea.2016.03.033
10.1016/j.msea.2016.03.037
10.1016/j.msea.2016.03.041
10.1016/j.msea.2016.03.042
10.1016/j.msea.2016.03.044
10.1016/j.msea.2016.03.045
10.1016/j.msea.2016.03.046
10.1016/j.msea.2016.03.047
10.1016/j.msea.2016.03.051
10.1016/j.msea.2016.03.055
10.1016/j.msea.2016.03.058
10.1016/j.msea.2016.03.063
10.1016/j.msea.2016.03.065
10.1016/j.msea.2016.03.073
10.1016/j.msea.2016.03.086
10.1016/j.msea.2016.03.088
10.1016/j.msea.2016.03.106
10.1016/j.msea.2016.03.107
10.1016/j.msea.2016.03.115
10.1016/j.msea.2016.03.117
10.1016/j.msea.2016.03.118
10.1016/j.msea.2016.03.123
10.1016/j.msea.2016.03.127
10.1016/j.msea.2016.03.132
10.1016/j.msea.2016.03.133
10.1016/j.msea.2016.04.001
10.1016/j.msea.2016.04.006
10.1016/j.msea.2016.04.007
10.1016/j.msea.2016.04.011
10.1016/j.msea.2016.04.012
10.1016/j.msea.2016.04.014
10.1016/j.msea.2016.04.017
10.1016/j.msea.2016.04.024
10.1016/j.msea.2016.04.025
10.1016/j.msea.2016.04.031
10.1016/j.msea.2016.04.034
10.1016/j.msea.2016.04.043
10.1016/j.msea.2016.04.045
10.1016/j.msea.2016.04.046
10.1016/j.msea.2016.04.048
10.1016/j.msea.2016.04.062
10.1016/j.msea.2016.04.065
10.1016/j.msea.2016.04.066
10.1016/j.msea.2016.04.069
10.1016/j.msea.2016.04.070
10.1016/j.msea.2016.04.073
10.1016/j.msea.2016.04.074
10.1016/j.msea.2016.04.076
10.1016/j.msea.2016.04.079
10.1016/j.msea.2016.04.080
10.1016/j.msea.2016.04.087
10.1016/j.msea.2016.04.088
10.1016/j.msea.2016.04.092
10.1016/j.msea.2016.04.099
10.1016/j.msea.2016.05.004
10.1016/j.msea.2016.05.005
10.1016/j.msea.2016.05.007
10.1016/j.msea.2016.05.008
10.1016/j.msea.2016.05.014
10.1016/j.msea.2016.05.015
10.1016/j.msea.2016.05.017
10.1016/j.msea.2016.05.020
10.1016/j.msea.2016.05.021
10.1016/j.msea.2016.05.025
10.1016/j.msea.2016.05.030
10.1016/j.msea.2016.05.032
10.1016/j.msea.2016.05.033
10.1016/j.msea.2016.05.034
10.1016/j.msea.2016.05.038
10.1016/j.msea.2016.05.042
10.1016/j.msea.2016.05.043
10.1016/j.msea.2016.05.045
10.1016/j.msea.2016.05.051
10.1016/j.msea.2016.05.056
10.1016/j.msea.2016.05.069
10.1016/j.msea.2016.05.071
10.1016/j.msea.2016.05.073
10.1016/j.msea.2016.05.079
10.1016/j.msea.2016.05.082
10.1016/j.msea.2016.05.084
10.1016/j.msea.2016.05.085
10.1016/j.msea.2016.05.086
10.1016/j.msea.2016.05.087
10.1016/j.msea.2016.05.093
10.1016/j.msea.2016.05.094
10.1016/j.msea.2016.05.095
10.1016/j.msea.2016.05.101
10.1016/j.msea.2016.05.102
10.1016/j.msea.2016.05.106
10.1016/j.msea.2016.05.108
10.1016/j.msea.2016.05.109
10.1016/j.msea.2016.05.111
10.1016/j.msea.2016.05.115
10.1016/j.msea.2016.05.118
10.1016/j.msea.2016.06.004
10.1016/j.msea.2016.06.005
10.1016/j.msea.2016.06.007
10.1016/j.msea.2016.06.008
10.1016/j.msea.2016.06.010
10.1016/j.msea.2016.06.015
10.1016/j.msea.2016.06.022
10.1016/j.msea.2016.06.024
10.1016/j.msea.2016.06.027
10.1016/j.msea.2016.06.031
10.1016/j.msea.2016.06.033
10.1016/j.msea.2016.06.034
10.1016/j.msea.2016.06.036
10.1016/j.msea.2016.06.037
10.1016/j.msea.2016.06.038
10.1016/j.msea.2016.06.047
10.1016/j.msea.2016.06.052
10.1016/j.msea.2016.06.056
10.1016/j.msea.2016.06.059
10.1016/j.msea.2016.06.061
10.1016/j.msea.2016.06.063
10.1016/j.msea.2016.06.066
10.1016/j.msea.2016.06.069
10.1016/j.msea.2016.06.070
10.1016/j.msea.2016.06.075
10.1016/j.msea.2016.06.082
10.1016/j.msea.2016.06.083
10.1016/j.msea.2016.07.005
10.1016/j.msea.2016.07.011
10.1016/j.msea.2016.07.018
10.1016/j.msea.2016.07.021
10.1016/j.msea.2016.07.022
10.1016/j.msea.2016.07.027
10.1016/j.msea.2016.07.028
10.1016/j.msea.2016.07.031
10.1016/j.msea.2016.07.033
10.1016/j.msea.2016.07.036
10.1016/j.msea.2016.07.038
10.1016/j.msea.2016.07.040
10.1016/j.msea.2016.07.041
10.1016/j.msea.2016.07.042
10.1016/j.msea.2016.07.045
10.1016/j.msea.2016.07.050
10.1016/j.msea.2016.07.052
10.1016/j.msea.2016.07.055
10.1016/j.msea.2016.07.056
10.1016/j.msea.2016.07.057
10.1016/j.msea.2016.07.059
10.1016/j.msea.2016.07.061
10.1016/j.msea.2016.07.064
10.1016/j.msea.2016.07.066
10.1016/j.msea.2016.07.067
10.1016/j.msea.2016.07.068
10.1016/j.msea.2016.07.069
10.1016/j.msea.2016.07.072
10.1016/j.msea.2016.07.079
10.1016/j.msea.2016.07.084
10.1016/j.msea.2016.07.086
10.1016/j.msea.2016.07.100
10.1016/j.msea.2016.07.106
10.1016/j.msea.2016.07.112
10.1016/j.msea.2016.07.114
10.1016/j.msea.2016.07.116
10.1016/j.msea.2016.07.118
10.1016/j.msea.2016.07.119
10.1016/j.msea.2016.07.126
10.1016/j.msea.2016.08.001
10.1016/j.msea.2016.08.003
10.1016/j.msea.2016.08.011
10.1016/j.msea.2016.08.021
10.1016/j.msea.2016.08.023
10.1016/j.msea.2016.08.025
10.1016/j.msea.2016.08.026
10.1016/j.msea.2016.08.027
10.1016/j.msea.2016.08.029
10.1016/j.msea.2016.08.034
10.1016/j.msea.2016.08.036
10.1016/j.msea.2016.08.037
10.1016/j.msea.2016.08.039
10.1016/j.msea.2016.08.040
10.1016/j.msea.2016.08.042
10.1016/j.msea.2016.08.043
10.1016/j.msea.2016.08.047
10.1016/j.msea.2016.08.048
10.1016/j.msea.2016.08.050
10.1016/j.msea.2016.08.054
10.1016/j.msea.2016.08.060
10.1016/j.msea.2016.08.061
10.1016/j.msea.2016.08.062
10.1016/j.msea.2016.08.065
10.1016/j.msea.2016.08.069
10.1016/j.msea.2016.08.072
10.1016/j.msea.2016.08.073
10.1016/j.msea.2016.08.077
10.1016/j.msea.2016.08.078
10.1016/j.msea.2016.08.079
10.1016/j.msea.2016.08.084
10.1016/j.msea.2016.08.085
10.1016/j.msea.2016.08.087
10.1016/j.msea.2016.08.090
10.1016/j.msea.2016.08.094
10.1016/j.msea.2016.08.096
10.1016/j.msea.2016.08.097
10.1016/j.msea.2016.08.100
10.1016/j.msea.2016.08.103
10.1016/j.msea.2016.08.107
10.1016/j.msea.2016.08.109
10.1016/j.msea.2016.08.110
10.1016/j.msea.2016.08.113
10.1016/j.msea.2016.08.114
10.1016/j.msea.2016.08.118
10.1016/j.msea.2016.08.119
10.1016/j.msea.2016.08.121
10.1016/j.msea.2016.09.007
10.1016/j.msea.2016.09.009
10.1016/j.msea.2016.09.013
10.1016/j.msea.2016.09.015
10.1016/j.msea.2016.09.017
10.1016/j.msea.2016.09.018
10.1016/j.msea.2016.09.019
10.1016/j.msea.2016.09.022
10.1016/j.msea.2016.09.024
10.1016/j.msea.2016.09.027
10.1016/j.msea.2016.09.028
10.1016/j.msea.2016.09.030
10.1016/j.msea.2016.09.034
10.1016/j.msea.2016.09.036
10.1016/j.msea.2016.09.038
10.1016/j.msea.2016.09.043
10.1016/j.msea.2016.09.044
10.1016/j.msea.2016.09.045
10.1016/j.msea.2016.09.046
10.1016/j.msea.2016.09.047
10.1016/j.msea.2016.09.050
10.1016/j.msea.2016.09.055
10.1016/j.msea.2016.09.056
10.1016/j.msea.2016.09.058
10.1016/j.msea.2016.09.059
10.1016/j.msea.2016.09.060
10.1016/j.msea.2016.09.061
10.1016/j.msea.2016.09.062
10.1016/j.msea.2016.09.063
10.1016/j.msea.2016.09.066
10.1016/j.msea.2016.09.070
10.1016/j.msea.2016.09.071
10.1016/j.msea.2016.09.073
10.1016/j.msea.2016.09.074
10.1016/j.msea.2016.09.076
10.1016/j.msea.2016.09.077
10.1016/j.msea.2016.09.079
10.1016/j.msea.2016.09.083
10.1016/j.msea.2016.09.084
10.1016/j.msea.2016.09.085
10.1016/j.msea.2016.09.087
10.1016/j.msea.2016.09.089
10.1016/j.msea.2016.09.090
10.1016/j.msea.2016.09.092
10.1016/j.msea.2016.09.095
10.1016/j.msea.2016.09.098
10.1016/j.msea.2016.09.101
10.1016/j.msea.2016.09.103
10.1016/j.msea.2016.09.105
10.1016/j.msea.2016.09.106
10.1016/j.msea.2016.09.107
10.1016/j.msea.2016.09.108
10.1016/j.msea.2016.09.112
10.1016/j.msea.2016.09.113
10.1016/j.msea.2016.09.114
10.1016/j.msea.2016.09.115
10.1016/j.msea.2016.09.116
10.1016/j.msea.2016.10.002
10.1016/j.msea.2016.10.006
10.1016/j.msea.2016.10.007
10.1016/j.msea.2016.10.010
10.1016/j.msea.2016.10.011
10.1016/j.msea.2016.10.012
10.1016/j.msea.2016.10.013
10.1016/j.msea.2016.10.016
10.1016/j.msea.2016.10.023
10.1016/j.msea.2016.10.024
10.1016/j.msea.2016.10.026
10.1016/j.msea.2016.10.027
10.1016/j.msea.2016.10.032
10.1016/j.msea.2016.10.035
10.1016/j.msea.2016.10.037
10.1016/j.msea.2016.10.039
10.1016/j.msea.2016.10.040
10.1016/j.msea.2016.10.041
10.1016/j.msea.2016.10.043
10.1016/j.msea.2016.10.044
10.1016/j.msea.2016.10.045
10.1016/j.msea.2016.10.046
10.1016/j.msea.2016.10.047
10.1016/j.msea.2016.10.048
10.1016/j.msea.2016.10.049
10.1016/j.msea.2016.10.051
10.1016/j.msea.2016.10.052
10.1016/j.msea.2016.10.053
10.1016/j.msea.2016.10.054
10.1016/j.msea.2016.10.056
10.1016/j.msea.2016.10.057
10.1016/j.msea.2016.10.059
10.1016/j.msea.2016.10.062
10.1016/j.msea.2016.10.063
10.1016/j.msea.2016.10.064
10.1016/j.msea.2016.10.066
10.1016/j.msea.2016.10.068
10.1016/j.msea.2016.10.069
10.1016/j.msea.2016.10.071
10.1016/j.msea.2016.10.073
10.1016/j.msea.2016.10.075
10.1016/j.msea.2016.10.077
10.1016/j.msea.2016.10.080
10.1016/j.msea.2016.10.084
10.1016/j.msea.2016.10.088
10.1016/j.msea.2016.10.090
10.1016/j.msea.2016.10.092
10.1016/j.msea.2016.10.095
10.1016/j.msea.2016.10.098
10.1016/j.msea.2016.10.099
10.1016/j.msea.2016.10.100
10.1016/j.msea.2016.10.101
10.1016/j.msea.2016.10.105
10.1016/j.msea.2016.10.106
10.1016/j.msea.2016.10.108
10.1016/j.msea.2016.10.109
10.1016/j.msea.2016.10.110
10.1016/j.msea.2016.10.112
10.1016/j.msea.2016.10.113
10.1016/j.msea.2016.10.118
10.1016/j.msea.2016.10.119
10.1016/j.msea.2016.10.121
10.1016/j.msea.2016.10.122
10.1016/j.msea.2016.11.004
10.1016/j.msea.2016.11.005
10.1016/j.msea.2016.11.007
10.1016/j.msea.2016.11.009
10.1016/j.msea.2016.11.012
10.1016/j.msea.2016.11.014
10.1016/j.msea.2016.11.015
10.1016/j.msea.2016.11.016
10.1016/j.msea.2016.11.017
10.1016/j.msea.2016.11.019
10.1016/j.msea.2016.11.022
10.1016/j.msea.2016.11.023
10.1016/j.msea.2016.11.024
10.1016/j.msea.2016.11.026
10.1016/j.msea.2016.11.028
10.1016/j.msea.2016.11.029
10.1016/j.msea.2016.11.032
10.1016/j.msea.2016.11.033
10.1016/j.msea.2016.11.036
10.1016/j.msea.2016.11.037
10.1016/j.msea.2016.11.038
10.1016/j.msea.2016.11.042
10.1016/j.msea.2016.11.043
10.1016/j.msea.2016.11.047
10.1016/j.msea.2016.11.049
10.1016/j.msea.2016.11.055
10.1016/j.msea.2016.11.057
10.1016/j.msea.2016.11.059
10.1016/j.msea.2016.11.061
10.1016/j.msea.2016.11.063
10.1016/j.msea.2016.11.064
10.1016/j.msea.2016.11.065
10.1016/j.msea.2016.11.066
10.1016/j.msea.2016.11.069
10.1016/j.msea.2016.11.073
10.1016/j.msea.2016.11.076
10.1016/j.msea.2016.11.080
10.1016/j.msea.2016.11.083
10.1016/j.msea.2016.11.084
10.1016/j.msea.2016.11.086
10.1016/j.msea.2016.11.087
10.1016/j.msea.2016.11.089
10.1016/j.msea.2016.11.090
10.1016/j.msea.2016.11.091
10.1016/j.msea.2016.11.095
10.1016/j.msea.2016.11.102
10.1016/j.msea.2016.11.104
10.1016/j.msea.2016.11.105
10.1016/j.msea.2016.12.001
10.1016/j.msea.2016.12.004
10.1016/j.msea.2016.12.006
10.1016/j.msea.2016.12.008
10.1016/j.msea.2016.12.011
10.1016/j.msea.2016.12.013
10.1016/j.msea.2016.12.015
10.1016/j.mseb.2003.08.001
10.1016/j.mseb.2011.01.019
10.1016/j.mseb.2011.10.006
10.1016/j.msec.2013.02.048
10.1016/j.msec.2013.04.035
10.1016/j.msec.2013.07.042
10.1016/j.msec.2013.12.029
10.1016/j.msec.2015.02.010
10.1016/j.msec.2015.03.004
10.1016/j.msec.2015.05.042
10.1016/j.msec.2015.07.067
10.1016/j.msec.2016.11.025
10.1016/j.mspro.2012.06.011
10.1016/j.mspro.2012.06.018
10.1016/j.mspro.2014.06.186
10.1016/j.mspro.2014.06.291
10.1016/j.mspro.2014.06.292
10.1016/j.mspro.2014.06.302
10.1016/j.mspro.2014.06.304
10.1016/j.mspro.2014.07.025
10.1016/j.mspro.2014.07.133
10.1016/j.mspro.2015.04.078
10.1016/j.mspro.2015.04.101
10.1016/j.mspro.2015.05.033
10.1016/j.mspro.2015.06.043
10.1016/j.mspro.2015.11.019
10.1016/j.mspro.2015.11.028
10.1016/j.mspro.2015.11.033
10.1016/j.mspro.2015.11.053
10.1016/j.mspro.2015.11.078
10.1016/j.mspro.2015.11.089
10.1016/j.mspro.2015.11.097
10.1016/j.mspro.2015.11.115
10.1016/j.mspro.2016.03.016
10.1016/j.mssp.2016.07.024
10.1016/j.ndteint.2014.06.007
10.1016/j.net.2015.11.004
10.1016/j.nicl.2016.06.013
10.1016/j.nima.2008.12.148
10.1016/j.nimb.2011.02.061
10.1016/j.nme.2016.06.005
10.1016/j.nme.2016.09.010
10.1016/j.nme.2016.09.019
10.1016/j.optmat.2014.06.025
10.1016/j.optmat.2014.10.044
10.1016/j.optmat.2016.01.049
10.1016/j.optmat.2016.02.020
10.1016/j.optmat.2016.03.052
10.1016/j.optmat.2016.05.014
10.1016/j.optmat.2016.06.016
10.1016/j.optmat.2016.08.001
10.1016/j.optmat.2016.09.075
10.1016/j.orgel.2012.12.012
10.1016/j.phpro.2013.03.157
10.1016/j.phpro.2013.11.047
10.1016/j.phpro.2014.08.096
10.1016/j.phpro.2014.08.144
10.1016/j.phpro.2015.08.062
10.1016/j.phpro.2015.08.094
10.1016/j.phpro.2015.11.015
10.1016/j.phpro.2016.08.117
10.1016/j.physb.2010.01.075
10.1016/j.physb.2015.03.009
10.1016/j.physb.2015.03.012
10.1016/j.pisc.2016.04.008
10.1016/j.pisc.2016.04.044
10.1016/j.pisc.2016.04.099
10.1016/j.pisc.2016.06.015
10.1016/j.pisc.2016.06.036
10.1016/j.pmatsci.2011.01.011
10.1016/j.pmatsci.2014.10.003
10.1016/j.pmatsci.2015.01.002
10.1016/j.pmatsci.2016.01.001
10.1016/j.pnsc.2015.01.006
10.1016/j.pnsc.2015.01.007
10.1016/j.pnsc.2015.01.009
10.1016/j.pnsc.2016.01.003
10.1016/j.pnsc.2016.01.006
10.1016/j.pnsc.2016.01.010
10.1016/j.pnsc.2016.03.003
10.1016/j.pnsc.2016.03.013
10.1016/j.pnsc.2016.08.001
10.1016/j.pnsc.2016.08.002
10.1016/j.polymer.2016.05.038
10.1016/j.polymer.2016.06.045
10.1016/j.polymer.2016.07.060
10.1016/j.polymer.2016.11.023
10.1016/j.proche.2016.03.044
10.1016/j.proche.2016.03.101
10.1016/j.proche.2016.03.108
10.1016/j.proche.2016.03.133
10.1016/j.procir.2013.01.039
10.1016/j.procir.2013.06.071
10.1016/j.procir.2013.09.011
10.1016/j.procir.2014.03.054
10.1016/j.procir.2014.04.043
10.1016/j.procir.2014.06.098
10.1016/j.procir.2014.07.031
10.1016/j.procir.2015.01.057
10.1016/j.procir.2015.03.023
10.1016/j.procir.2015.08.088
10.1016/j.procir.2016.02.233
10.1016/j.procir.2016.02.305
10.1016/j.procir.2016.03.122
10.1016/j.procir.2016.04.016
10.1016/j.procir.2016.04.021
10.1016/j.procir.2016.05.012
10.1016/j.procs.2015.05.227
10.1016/j.procs.2016.05.176
10.1016/j.proeng.2009.06.040
10.1016/j.proeng.2010.03.113
10.1016/j.proeng.2011.04.423
10.1016/j.proeng.2011.12.397
10.1016/j.proeng.2011.12.460
10.1016/j.proeng.2011.12.529
10.1016/j.proeng.2011.12.573
10.1016/j.proeng.2013.03.178
10.1016/j.proeng.2013.11.028
10.1016/j.proeng.2013.12.081
10.1016/j.proeng.2014.06.289
10.1016/j.proeng.2014.06.295
10.1016/j.proeng.2014.06.382
10.1016/j.proeng.2014.09.126
10.1016/j.proeng.2014.09.131
10.1016/j.proeng.2014.09.153
10.1016/j.proeng.2014.10.033
10.1016/j.proeng.2014.10.046
10.1016/j.proeng.2014.10.054
10.1016/j.proeng.2014.10.071
10.1016/j.proeng.2014.10.074
10.1016/j.proeng.2014.10.107
10.1016/j.proeng.2014.10.157
10.1016/j.proeng.2014.10.158
10.1016/j.proeng.2014.10.180
10.1016/j.proeng.2014.10.217
10.1016/j.proeng.2014.10.289
10.1016/j.proeng.2014.11.012
10.1016/j.proeng.2014.11.821
10.1016/j.proeng.2014.12.677
10.1016/j.proeng.2015.01.375
10.1016/j.proeng.2015.01.425
10.1016/j.proeng.2015.06.158
10.1016/j.proeng.2015.06.189
10.1016/j.proeng.2015.08.007
10.1016/j.proeng.2015.08.680
10.1016/j.proeng.2015.09.231
10.1016/j.proeng.2015.11.086
10.1016/j.proeng.2015.12.505
10.1016/j.proeng.2015.12.610
10.1016/j.proeng.2015.12.659
10.1016/j.proeng.2016.01.213
10.1016/j.proeng.2016.06.088
10.1016/j.proeng.2016.06.335
10.1016/j.proeng.2016.06.535
10.1016/j.proeng.2016.06.639
10.1016/j.proeng.2016.06.642
10.1016/j.proeng.2016.06.686
10.1016/j.proeng.2016.06.690
10.1016/j.proeng.2016.07.355
10.1016/j.proeng.2016.07.397
10.1016/j.proeng.2016.07.405
10.1016/j.proeng.2016.08.405
10.1016/j.proeng.2016.08.569
10.1016/j.proeng.2016.08.864
10.1016/j.promfg.2015.07.059
10.1016/j.promfg.2015.09.053
10.1016/j.promfg.2016.08.034
10.1016/j.promfg.2016.08.073
10.1016/j.promfg.2016.08.089
10.1016/j.prostr.2016.02.041
10.1016/j.prostr.2016.06.037
10.1016/j.prostr.2016.06.189
10.1016/j.prostr.2016.06.251
10.1016/j.prostr.2016.06.298
10.1016/j.prostr.2016.06.299
10.1016/j.prostr.2016.06.322
10.1016/j.prostr.2016.06.340
10.1016/j.prostr.2016.06.393
10.1016/j.prostr.2016.06.394
10.1016/j.prostr.2016.06.456
10.1016/j.protcy.2015.07.037
10.1016/j.protcy.2016.03.060
10.1016/j.protcy.2016.08.006
10.1016/j.rbe.2016.11.001
10.1016/j.rinp.2016.04.013
10.1016/j.sandf.2014.06.021
10.1016/j.scriptamat.2006.01.013
10.1016/j.scriptamat.2006.04.027
10.1016/j.scriptamat.2010.06.022
10.1016/j.scriptamat.2011.02.016
10.1016/j.scriptamat.2011.05.018
10.1016/j.scriptamat.2012.06.013
10.1016/j.scriptamat.2012.07.038
10.1016/j.scriptamat.2013.01.009
10.1016/j.scriptamat.2013.02.017
10.1016/j.scriptamat.2013.02.022
10.1016/j.scriptamat.2013.07.023
10.1016/j.scriptamat.2013.08.013
10.1016/j.scriptamat.2013.09.032
10.1016/j.scriptamat.2013.10.009
10.1016/j.scriptamat.2014.03.021
10.1016/j.scriptamat.2014.05.002
10.1016/j.scriptamat.2014.08.021
10.1016/j.scriptamat.2014.11.011
10.1016/j.scriptamat.2015.02.018
10.1016/j.scriptamat.2015.04.017
10.1016/j.scriptamat.2015.04.018
10.1016/j.scriptamat.2015.05.008
10.1016/j.scriptamat.2015.05.032
10.1016/j.scriptamat.2015.06.005
10.1016/j.scriptamat.2015.07.016
10.1016/j.scriptamat.2015.09.030
10.1016/j.scriptamat.2015.09.031
10.1016/j.scriptamat.2015.10.007
10.1016/j.scriptamat.2015.10.029
10.1016/j.scriptamat.2015.11.004
10.1016/j.scriptamat.2015.11.023
10.1016/j.scriptamat.2016.01.034
10.1016/j.scriptamat.2016.03.014
10.1016/j.scriptamat.2016.04.017
10.1016/j.scriptamat.2016.04.024
10.1016/j.scriptamat.2016.04.032
10.1016/j.scriptamat.2016.05.001
10.1016/j.scriptamat.2016.05.020
10.1016/j.scriptamat.2016.05.031
10.1016/j.scriptamat.2016.05.032
10.1016/j.scriptamat.2016.06.010
10.1016/j.scriptamat.2016.06.014
10.1016/j.scriptamat.2016.06.029
10.1016/j.scriptamat.2016.06.046
10.1016/j.scriptamat.2016.07.008
10.1016/j.scriptamat.2016.07.029
10.1016/j.scriptamat.2016.08.001
10.1016/j.scriptamat.2016.08.007
10.1016/j.scriptamat.2016.08.013
10.1016/j.scriptamat.2016.08.014
10.1016/j.scriptamat.2016.08.019
10.1016/j.scriptamat.2016.08.037
10.1016/j.scriptamat.2016.08.039
10.1016/j.scriptamat.2016.09.017
10.1016/j.scriptamat.2016.09.021
10.1016/j.scriptamat.2016.10.006
10.1016/j.scriptamat.2016.10.016
10.1016/j.scriptamat.2016.10.017
10.1016/j.scriptamat.2016.10.024
10.1016/j.scriptamat.2016.10.031
10.1016/j.scriptamat.2016.11.001
10.1016/j.scriptamat.2016.11.005
10.1016/j.scriptamat.2016.11.006
10.1016/j.scriptamat.2016.11.023
10.1016/j.scriptamat.2016.11.026
10.1016/j.scriptamat.2016.11.028
10.1016/j.sdentj.2014.05.001
10.1016/j.sjbs.2016.05.001
10.1016/j.sna.2013.02.015
10.1016/j.snb.2013.05.010
10.1016/j.snb.2015.04.116
10.1016/j.snb.2015.11.140
10.1016/j.snb.2015.12.066
10.1016/j.snb.2016.01.015
10.1016/j.snb.2016.06.027
10.1016/j.snb.2016.07.171
10.1016/j.snb.2016.08.176
10.1016/j.snb.2016.09.056
10.1016/j.snb.2016.09.117
10.1016/j.solmat.2016.02.018
10.1016/j.solmat.2016.02.023
10.1016/j.solmat.2016.09.051
10.1016/j.solmat.2016.10.014
10.1016/j.solmat.2016.10.016
10.1016/j.solmat.2016.10.025
10.1016/j.spmi.2014.07.004
10.1016/j.ssc.2013.11.010
10.1016/j.ssc.2013.12.009
10.1016/j.ssi.2008.01.027
10.1016/j.ssi.2012.04.004
10.1016/j.ssi.2016.01.008
10.1016/j.ssi.2016.01.036
10.1016/j.ssi.2016.06.003
10.1016/j.ssi.2016.09.004
10.1016/j.ssi.2016.09.021
10.1016/j.ssi.2016.11.014
10.1016/j.surfcoat.2004.10.063
10.1016/j.surfcoat.2011.06.033
10.1016/j.surfcoat.2012.05.025
10.1016/j.surfcoat.2012.06.075
10.1016/j.surfcoat.2012.07.058
10.1016/j.surfcoat.2012.08.026
10.1016/j.surfcoat.2013.02.013
10.1016/j.surfcoat.2013.02.043
10.1016/j.surfcoat.2013.03.047
10.1016/j.surfcoat.2013.04.043
10.1016/j.surfcoat.2013.07.031
10.1016/j.surfcoat.2013.07.064
10.1016/j.surfcoat.2013.10.059
10.1016/j.surfcoat.2013.11.035
10.1016/j.surfcoat.2014.01.028
10.1016/j.surfcoat.2014.01.053
10.1016/j.surfcoat.2014.03.018
10.1016/j.surfcoat.2014.03.045
10.1016/j.surfcoat.2014.05.051
10.1016/j.surfcoat.2014.06.006
10.1016/j.surfcoat.2014.06.056
10.1016/j.surfcoat.2014.07.006
10.1016/j.surfcoat.2014.07.024
10.1016/j.surfcoat.2014.07.030
10.1016/j.surfcoat.2014.07.042
10.1016/j.surfcoat.2014.08.001
10.1016/j.surfcoat.2014.08.081
10.1016/j.surfcoat.2014.10.034
10.1016/j.surfcoat.2015.03.029
10.1016/j.surfcoat.2015.04.045
10.1016/j.surfcoat.2015.06.002
10.1016/j.surfcoat.2015.06.014
10.1016/j.surfcoat.2015.06.026
10.1016/j.surfcoat.2015.06.033
10.1016/j.surfcoat.2015.06.040
10.1016/j.surfcoat.2015.06.065
10.1016/j.surfcoat.2015.07.016
10.1016/j.surfcoat.2015.08.025
10.1016/j.surfcoat.2015.08.034
10.1016/j.surfcoat.2015.09.029
10.1016/j.surfcoat.2015.10.055
10.1016/j.synthmet.2011.05.011
10.1016/j.tsf.2012.05.037
10.1016/j.tsf.2012.05.077
10.1016/j.tsf.2012.11.007
10.1016/j.tsf.2014.10.106
10.1016/j.tsf.2015.01.058
10.1016/j.tsf.2015.09.050
10.1016/j.tsf.2015.10.075
10.1016/j.tsf.2016.04.043
10.1016/j.tsf.2016.07.020
10.1016/j.tsf.2016.08.033
10.1016/j.tsf.2016.09.024
10.1016/j.tsf.2016.09.060
10.1016/j.tsf.2016.10.005
10.1016/j.tsf.2016.10.024
10.1016/j.tsf.2016.10.030
10.1016/j.tsf.2016.10.054
10.1016/j.tsf.2016.10.059
10.1016/j.tsf.2016.11.047
10.1016/j.ultramic.2015.02.001
10.1016/j.ultramic.2016.07.019
10.1016/j.vacuum.2008.11.009
10.1016/j.vacuum.2013.10.024
10.1016/j.vacuum.2014.02.024
10.1016/j.vacuum.2014.12.025
10.1016/j.vacuum.2015.02.021
10.1016/j.vacuum.2015.03.014
10.1016/j.vacuum.2015.03.035
10.1016/j.vacuum.2015.07.023
10.1016/j.vacuum.2015.08.005
10.1016/j.wear.2008.12.061
10.1016/j.wear.2009.03.022
10.1016/j.wear.2010.09.009
10.1016/j.wear.2010.12.025
10.1016/j.wear.2011.09.011
10.1016/j.wear.2012.11.020
10.1016/j.wear.2013.01.002
10.1016/j.wear.2013.04.006
10.1016/j.wear.2013.06.006
10.1016/j.wear.2013.09.002
10.1016/j.wear.2014.06.003
10.1016/j.wear.2014.07.002
10.1016/S0167-6636(11)00199-2
10.1016/S0921-5093(00)00952-7
10.1016/S0921-5093(01)01934-7
10.1016/S0921-5093(03)00377-0
10.1016/S0921-5093(08)00990-8
10.1016/S0921-5093(16)31206-0
10.1016/S0921-5093(16)31277-1
10.1016/S0921-5093(16)31354-5
10.1016/S0921-5093(16)31467-8
10.1016/S0921-5093(97)00778-8
10.1016/S0921-5107(12)00509-0
10.1016/S0966-9795(01)00063-2
10.1016/S1000-9361(07)60050-8
10.1016/S1002-0071(12)60048-3
10.1016/S1359-6454(01)00009-X
10.1016/S1359-6454(02)00226-4
10.1016/S1359-6462(02)00356-1
10.1016/S1369-7021(04)00190-7
10.1016/S2095-7564(15)30282-8
10.15302/J-ENG-2015013
10.1533/9780857096340.frontmatter
10.3182/20120523-3-RO-2023.00059
